mode: set
github.com/cordum/cordum/cmd/coretex-api-gateway/main.go:11.13,15.41 4 0
github.com/cordum/cordum/cmd/coretex-api-gateway/main.go:15.41,17.3 1 0
github.com/cordum/cordum/cmd/coretex-safety-kernel/main.go:11.13,15.46 4 0
github.com/cordum/cordum/cmd/coretex-safety-kernel/main.go:15.46,17.3 1 0
github.com/cordum/cordum/cmd/coretex-context-engine/main.go:16.13,21.16 4 0
github.com/cordum/cordum/cmd/coretex-context-engine/main.go:21.16,23.3 1 0
github.com/cordum/cordum/cmd/coretex-context-engine/main.go:25.2,27.16 3 0
github.com/cordum/cordum/cmd/coretex-context-engine/main.go:27.16,29.3 1 0
github.com/cordum/cordum/cmd/coretex-context-engine/main.go:31.2,36.42 5 0
github.com/cordum/cordum/cmd/coretex-context-engine/main.go:36.42,38.3 1 0
github.com/cordum/cordum/cmd/coretex-workflow-engine/main.go:11.13,15.48 4 0
github.com/cordum/cordum/cmd/coretex-workflow-engine/main.go:15.48,17.3 1 0
github.com/cordum/cordum/cmd/coretexctl/main.go:16.13,17.22 1 0
github.com/cordum/cordum/cmd/coretexctl/main.go:17.22,20.3 2 0
github.com/cordum/cordum/cmd/coretexctl/main.go:22.2,25.13 3 0
github.com/cordum/cordum/cmd/coretexctl/main.go:26.18,27.23 1 0
github.com/cordum/cordum/cmd/coretexctl/main.go:28.13,29.18 1 0
github.com/cordum/cordum/cmd/coretexctl/main.go:30.18,31.23 1 0
github.com/cordum/cordum/cmd/coretexctl/main.go:32.13,33.18 1 0
github.com/cordum/cordum/cmd/coretexctl/main.go:34.14,35.19 1 0
github.com/cordum/cordum/cmd/coretexctl/main.go:36.10,38.13 2 0
github.com/cordum/cordum/cmd/coretexctl/main.go:42.36,43.19 1 0
github.com/cordum/cordum/cmd/coretexctl/main.go:43.19,46.3 2 0
github.com/cordum/cordum/cmd/coretexctl/main.go:47.2,47.17 1 0
github.com/cordum/cordum/cmd/coretexctl/main.go:48.16,53.18 5 0
github.com/cordum/cordum/cmd/coretexctl/main.go:53.18,55.4 1 0
github.com/cordum/cordum/cmd/coretexctl/main.go:56.3,60.18 5 0
github.com/cordum/cordum/cmd/coretexctl/main.go:61.16,64.20 3 0
github.com/cordum/cordum/cmd/coretexctl/main.go:64.20,66.4 1 0
github.com/cordum/cordum/cmd/coretexctl/main.go:67.3,68.64 2 0
github.com/cordum/cordum/cmd/coretexctl/main.go:69.10,71.13 2 0
github.com/cordum/cordum/cmd/coretexctl/main.go:75.31,76.19 1 0
github.com/cordum/cordum/cmd/coretexctl/main.go:76.19,79.3 2 0
github.com/cordum/cordum/cmd/coretexctl/main.go:80.2,80.17 1 0
github.com/cordum/cordum/cmd/coretexctl/main.go:81.15,87.20 6 0
github.com/cordum/cordum/cmd/coretexctl/main.go:87.20,89.4 1 0
github.com/cordum/cordum/cmd/coretexctl/main.go:90.3,91.19 2 0
github.com/cordum/cordum/cmd/coretexctl/main.go:91.19,93.4 1 0
github.com/cordum/cordum/cmd/coretexctl/main.go:94.3,100.21 4 0
github.com/cordum/cordum/cmd/coretexctl/main.go:101.16,104.20 3 0
github.com/cordum/cordum/cmd/coretexctl/main.go:104.20,106.4 1 0
github.com/cordum/cordum/cmd/coretexctl/main.go:107.3,108.59 2 0
github.com/cordum/cordum/cmd/coretexctl/main.go:109.18,112.20 3 0
github.com/cordum/cordum/cmd/coretexctl/main.go:112.20,114.4 1 0
github.com/cordum/cordum/cmd/coretexctl/main.go:115.3,118.20 4 0
github.com/cordum/cordum/cmd/coretexctl/main.go:119.10,121.13 2 0
github.com/cordum/cordum/cmd/coretexctl/main.go:125.36,126.19 1 0
github.com/cordum/cordum/cmd/coretexctl/main.go:126.19,129.3 2 0
github.com/cordum/cordum/cmd/coretexctl/main.go:130.2,130.17 1 0
github.com/cordum/cordum/cmd/coretexctl/main.go:131.14,136.20 5 0
github.com/cordum/cordum/cmd/coretexctl/main.go:136.20,138.4 1 0
github.com/cordum/cordum/cmd/coretexctl/main.go:139.3,139.26 1 0
github.com/cordum/cordum/cmd/coretexctl/main.go:139.26,141.4 1 0
github.com/cordum/cordum/cmd/coretexctl/main.go:142.3,143.93 2 0
github.com/cordum/cordum/cmd/coretexctl/main.go:144.13,149.20 5 0
github.com/cordum/cordum/cmd/coretexctl/main.go:149.20,151.4 1 0
github.com/cordum/cordum/cmd/coretexctl/main.go:152.3,152.26 1 0
github.com/cordum/cordum/cmd/coretexctl/main.go:152.26,154.4 1 0
github.com/cordum/cordum/cmd/coretexctl/main.go:155.3,156.70 2 0
github.com/cordum/cordum/cmd/coretexctl/main.go:157.10,159.13 2 0
github.com/cordum/cordum/cmd/coretexctl/main.go:163.31,164.19 1 0
github.com/cordum/cordum/cmd/coretexctl/main.go:164.19,167.3 2 0
github.com/cordum/cordum/cmd/coretexctl/main.go:168.2,168.17 1 0
github.com/cordum/cordum/cmd/coretexctl/main.go:169.15,172.20 3 0
github.com/cordum/cordum/cmd/coretexctl/main.go:172.20,174.4 1 0
github.com/cordum/cordum/cmd/coretexctl/main.go:175.3,176.58 2 0
github.com/cordum/cordum/cmd/coretexctl/main.go:177.10,179.13 2 0
github.com/cordum/cordum/cmd/coretexctl/main.go:189.39,194.2 4 1
github.com/cordum/cordum/cmd/coretexctl/main.go:196.52,198.2 1 1
github.com/cordum/cordum/cmd/coretexctl/main.go:200.37,203.50 3 1
github.com/cordum/cordum/cmd/coretexctl/main.go:203.50,205.3 1 0
github.com/cordum/cordum/cmd/coretexctl/main.go:208.27,212.2 3 1
github.com/cordum/cordum/cmd/coretexctl/main.go:214.14,236.2 1 0
github.com/cordum/cordum/cmd/coretexctl/main.go:238.41,239.57 1 1
github.com/cordum/cordum/cmd/coretexctl/main.go:239.57,241.3 1 1
github.com/cordum/cordum/cmd/coretexctl/main.go:242.2,242.17 1 1
github.com/cordum/cordum/cmd/coretexctl/main.go:245.23,246.16 1 1
github.com/cordum/cordum/cmd/coretexctl/main.go:246.16,248.3 1 0
github.com/cordum/cordum/cmd/coretexctl/main.go:251.23,254.2 2 0
github.com/cordum/cordum/cmd/coretexctl/pack.go:168.32,169.34 1 0
github.com/cordum/cordum/cmd/coretexctl/pack.go:169.34,171.3 1 0
github.com/cordum/cordum/cmd/coretexctl/pack.go:174.32,175.19 1 0
github.com/cordum/cordum/cmd/coretexctl/pack.go:175.19,178.3 2 0
github.com/cordum/cordum/cmd/coretexctl/pack.go:179.2,179.17 1 0
github.com/cordum/cordum/cmd/coretexctl/pack.go:180.17,181.27 1 0
github.com/cordum/cordum/cmd/coretexctl/pack.go:182.19,183.29 1 0
github.com/cordum/cordum/cmd/coretexctl/pack.go:184.14,185.24 1 0
github.com/cordum/cordum/cmd/coretexctl/pack.go:186.14,187.24 1 0
github.com/cordum/cordum/cmd/coretexctl/pack.go:188.16,189.26 1 0
github.com/cordum/cordum/cmd/coretexctl/pack.go:190.10,192.13 2 0
github.com/cordum/cordum/cmd/coretexctl/pack.go:196.36,203.19 7 0
github.com/cordum/cordum/cmd/coretexctl/pack.go:203.19,205.3 1 0
github.com/cordum/cordum/cmd/coretexctl/pack.go:207.2,213.55 6 0
github.com/cordum/cordum/cmd/coretexctl/pack.go:213.55,215.3 1 0
github.com/cordum/cordum/cmd/coretexctl/pack.go:216.2,216.59 1 0
github.com/cordum/cordum/cmd/coretexctl/pack.go:216.59,218.3 1 0
github.com/cordum/cordum/cmd/coretexctl/pack.go:219.2,219.60 1 0
github.com/cordum/cordum/cmd/coretexctl/pack.go:219.60,221.3 1 0
github.com/cordum/cordum/cmd/coretexctl/pack.go:223.2,243.35 19 0
github.com/cordum/cordum/cmd/coretexctl/pack.go:243.35,245.3 1 0
github.com/cordum/cordum/cmd/coretexctl/pack.go:246.2,246.37 1 0
github.com/cordum/cordum/cmd/coretexctl/pack.go:246.37,248.3 1 0
github.com/cordum/cordum/cmd/coretexctl/pack.go:250.2,250.13 1 0
github.com/cordum/cordum/cmd/coretexctl/pack.go:250.13,253.3 2 0
github.com/cordum/cordum/cmd/coretexctl/pack.go:255.2,255.21 1 0
github.com/cordum/cordum/cmd/coretexctl/pack.go:255.21,256.55 1 0
github.com/cordum/cordum/cmd/coretexctl/pack.go:256.55,258.4 1 0
github.com/cordum/cordum/cmd/coretexctl/pack.go:259.3,259.55 1 0
github.com/cordum/cordum/cmd/coretexctl/pack.go:259.55,261.4 1 0
github.com/cordum/cordum/cmd/coretexctl/pack.go:262.3,262.51 1 0
github.com/cordum/cordum/cmd/coretexctl/pack.go:262.51,264.4 1 0
github.com/cordum/cordum/cmd/coretexctl/pack.go:265.3,265.49 1 0
github.com/cordum/cordum/cmd/coretexctl/pack.go:265.49,267.4 1 0
github.com/cordum/cordum/cmd/coretexctl/pack.go:270.2,270.33 1 0
github.com/cordum/cordum/cmd/coretexctl/pack.go:270.33,273.3 2 0
github.com/cordum/cordum/cmd/coretexctl/pack.go:275.2,275.35 1 0
github.com/cordum/cordum/cmd/coretexctl/pack.go:275.35,276.16 1 0
github.com/cordum/cordum/cmd/coretexctl/pack.go:276.16,277.12 1 0
github.com/cordum/cordum/cmd/coretexctl/pack.go:279.3,279.74 1 0
github.com/cordum/cordum/cmd/coretexctl/pack.go:279.74,281.4 1 0
github.com/cordum/cordum/cmd/coretexctl/pack.go:282.3,282.48 1 0
github.com/cordum/cordum/cmd/coretexctl/pack.go:284.2,284.37 1 0
github.com/cordum/cordum/cmd/coretexctl/pack.go:284.37,285.16 1 0
github.com/cordum/cordum/cmd/coretexctl/pack.go:285.16,286.12 1 0
github.com/cordum/cordum/cmd/coretexctl/pack.go:288.3,288.67 1 0
github.com/cordum/cordum/cmd/coretexctl/pack.go:288.67,290.4 1 0
github.com/cordum/cordum/cmd/coretexctl/pack.go:291.3,291.52 1 0
github.com/cordum/cordum/cmd/coretexctl/pack.go:294.2,294.51 1 0
github.com/cordum/cordum/cmd/coretexctl/pack.go:294.51,295.50 1 0
github.com/cordum/cordum/cmd/coretexctl/pack.go:295.50,296.12 1 0
github.com/cordum/cordum/cmd/coretexctl/pack.go:298.3,299.17 2 0
github.com/cordum/cordum/cmd/coretexctl/pack.go:299.17,301.4 1 0
github.com/cordum/cordum/cmd/coretexctl/pack.go:302.3,302.33 1 0
github.com/cordum/cordum/cmd/coretexctl/pack.go:302.33,305.4 2 0
github.com/cordum/cordum/cmd/coretexctl/pack.go:307.2,307.51 1 0
github.com/cordum/cordum/cmd/coretexctl/pack.go:307.51,309.17 2 0
github.com/cordum/cordum/cmd/coretexctl/pack.go:309.17,311.4 1 0
github.com/cordum/cordum/cmd/coretexctl/pack.go:312.3,312.33 1 0
github.com/cordum/cordum/cmd/coretexctl/pack.go:312.33,315.4 2 0
github.com/cordum/cordum/cmd/coretexctl/pack.go:318.2,319.49 2 0
github.com/cordum/cordum/cmd/coretexctl/pack.go:319.49,321.3 1 0
github.com/cordum/cordum/cmd/coretexctl/pack.go:323.2,345.85 3 0
github.com/cordum/cordum/cmd/coretexctl/pack.go:348.38,352.19 4 0
github.com/cordum/cordum/cmd/coretexctl/pack.go:352.19,354.3 1 0
github.com/cordum/cordum/cmd/coretexctl/pack.go:355.2,365.19 10 0
github.com/cordum/cordum/cmd/coretexctl/pack.go:365.19,367.3 1 0
github.com/cordum/cordum/cmd/coretexctl/pack.go:369.2,369.56 1 0
github.com/cordum/cordum/cmd/coretexctl/pack.go:369.56,372.3 2 0
github.com/cordum/cordum/cmd/coretexctl/pack.go:373.2,373.49 1 0
github.com/cordum/cordum/cmd/coretexctl/pack.go:373.49,375.3 1 0
github.com/cordum/cordum/cmd/coretexctl/pack.go:376.2,376.12 1 0
github.com/cordum/cordum/cmd/coretexctl/pack.go:376.12,377.48 1 0
github.com/cordum/cordum/cmd/coretexctl/pack.go:377.48,379.4 1 0
github.com/cordum/cordum/cmd/coretexctl/pack.go:380.3,380.50 1 0
github.com/cordum/cordum/cmd/coretexctl/pack.go:380.50,382.4 1 0
github.com/cordum/cordum/cmd/coretexctl/pack.go:385.2,387.68 3 0
github.com/cordum/cordum/cmd/coretexctl/pack.go:390.33,397.23 7 0
github.com/cordum/cordum/cmd/coretexctl/pack.go:397.23,400.3 2 0
github.com/cordum/cordum/cmd/coretexctl/pack.go:401.2,402.26 2 0
github.com/cordum/cordum/cmd/coretexctl/pack.go:402.26,404.3 1 0
github.com/cordum/cordum/cmd/coretexctl/pack.go:405.2,406.25 2 0
github.com/cordum/cordum/cmd/coretexctl/pack.go:406.25,409.3 2 0
github.com/cordum/cordum/cmd/coretexctl/pack.go:412.33,415.19 3 0
github.com/cordum/cordum/cmd/coretexctl/pack.go:415.19,417.3 1 0
github.com/cordum/cordum/cmd/coretexctl/pack.go:418.2,422.19 5 0
github.com/cordum/cordum/cmd/coretexctl/pack.go:422.19,424.3 1 0
github.com/cordum/cordum/cmd/coretexctl/pack.go:425.2,425.19 1 0
github.com/cordum/cordum/cmd/coretexctl/pack.go:428.35,431.19 3 0
github.com/cordum/cordum/cmd/coretexctl/pack.go:431.19,433.3 1 0
github.com/cordum/cordum/cmd/coretexctl/pack.go:434.2,438.19 5 0
github.com/cordum/cordum/cmd/coretexctl/pack.go:438.19,440.3 1 0
github.com/cordum/cordum/cmd/coretexctl/pack.go:441.2,441.46 1 0
github.com/cordum/cordum/cmd/coretexctl/pack.go:441.46,444.3 2 0
github.com/cordum/cordum/cmd/coretexctl/pack.go:445.2,445.54 1 0
github.com/cordum/cordum/cmd/coretexctl/pack.go:445.54,446.75 1 0
github.com/cordum/cordum/cmd/coretexctl/pack.go:446.75,448.4 1 0
github.com/cordum/cordum/cmd/coretexctl/pack.go:450.2,450.62 1 0
github.com/cordum/cordum/cmd/coretexctl/pack.go:482.131,484.49 2 0
github.com/cordum/cordum/cmd/coretexctl/pack.go:484.49,486.17 2 0
github.com/cordum/cordum/cmd/coretexctl/pack.go:486.17,488.4 1 0
github.com/cordum/cordum/cmd/coretexctl/pack.go:489.3,491.17 3 0
github.com/cordum/cordum/cmd/coretexctl/pack.go:491.17,492.24 1 0
github.com/cordum/cordum/cmd/coretexctl/pack.go:492.24,494.5 1 0
github.com/cordum/cordum/cmd/coretexctl/pack.go:495.9,499.18 4 0
github.com/cordum/cordum/cmd/coretexctl/pack.go:499.18,501.5 1 0
github.com/cordum/cordum/cmd/coretexctl/pack.go:502.4,502.32 1 0
github.com/cordum/cordum/cmd/coretexctl/pack.go:502.32,504.5 1 0
github.com/cordum/cordum/cmd/coretexctl/pack.go:504.10,504.23 1 0
github.com/cordum/cordum/cmd/coretexctl/pack.go:504.23,506.5 1 0
github.com/cordum/cordum/cmd/coretexctl/pack.go:508.3,508.30 1 0
github.com/cordum/cordum/cmd/coretexctl/pack.go:510.2,510.19 1 0
github.com/cordum/cordum/cmd/coretexctl/pack.go:513.135,515.51 2 0
github.com/cordum/cordum/cmd/coretexctl/pack.go:515.51,517.17 2 0
github.com/cordum/cordum/cmd/coretexctl/pack.go:517.17,519.4 1 0
github.com/cordum/cordum/cmd/coretexctl/pack.go:520.3,522.17 3 0
github.com/cordum/cordum/cmd/coretexctl/pack.go:522.17,523.24 1 0
github.com/cordum/cordum/cmd/coretexctl/pack.go:523.24,525.5 1 0
github.com/cordum/cordum/cmd/coretexctl/pack.go:526.9,530.18 4 0
github.com/cordum/cordum/cmd/coretexctl/pack.go:530.18,532.5 1 0
github.com/cordum/cordum/cmd/coretexctl/pack.go:533.4,533.32 1 0
github.com/cordum/cordum/cmd/coretexctl/pack.go:533.32,535.5 1 0
github.com/cordum/cordum/cmd/coretexctl/pack.go:535.10,535.23 1 0
github.com/cordum/cordum/cmd/coretexctl/pack.go:535.23,537.5 1 0
github.com/cordum/cordum/cmd/coretexctl/pack.go:539.3,539.30 1 0
github.com/cordum/cordum/cmd/coretexctl/pack.go:541.2,541.19 1 0
github.com/cordum/cordum/cmd/coretexctl/pack.go:544.54,545.16 1 0
github.com/cordum/cordum/cmd/coretexctl/pack.go:545.16,547.17 2 0
github.com/cordum/cordum/cmd/coretexctl/pack.go:547.17,549.4 1 0
github.com/cordum/cordum/cmd/coretexctl/pack.go:550.3,551.33 2 0
github.com/cordum/cordum/cmd/coretexctl/pack.go:553.2,554.16 2 0
github.com/cordum/cordum/cmd/coretexctl/pack.go:554.16,556.3 1 0
github.com/cordum/cordum/cmd/coretexctl/pack.go:557.2,557.18 1 0
github.com/cordum/cordum/cmd/coretexctl/pack.go:557.18,559.3 1 0
github.com/cordum/cordum/cmd/coretexctl/pack.go:560.2,560.19 1 0
github.com/cordum/cordum/cmd/coretexctl/pack.go:560.19,562.3 1 0
github.com/cordum/cordum/cmd/coretexctl/pack.go:563.2,564.16 2 0
github.com/cordum/cordum/cmd/coretexctl/pack.go:564.16,566.3 1 0
github.com/cordum/cordum/cmd/coretexctl/pack.go:567.2,567.50 1 0
github.com/cordum/cordum/cmd/coretexctl/pack.go:567.50,570.3 2 0
github.com/cordum/cordum/cmd/coretexctl/pack.go:571.2,572.16 2 0
github.com/cordum/cordum/cmd/coretexctl/pack.go:572.16,575.3 2 0
github.com/cordum/cordum/cmd/coretexctl/pack.go:576.2,578.19 1 0
github.com/cordum/cordum/cmd/coretexctl/pack.go:578.19,580.4 1 0
github.com/cordum/cordum/cmd/coretexctl/pack.go:584.58,591.29 4 0
github.com/cordum/cordum/cmd/coretexctl/pack.go:591.29,593.17 2 0
github.com/cordum/cordum/cmd/coretexctl/pack.go:593.17,594.9 1 0
github.com/cordum/cordum/cmd/coretexctl/pack.go:597.2,597.16 1 0
github.com/cordum/cordum/cmd/coretexctl/pack.go:597.16,599.3 1 0
github.com/cordum/cordum/cmd/coretexctl/pack.go:600.2,601.56 2 0
github.com/cordum/cordum/cmd/coretexctl/pack.go:601.56,603.3 1 0
github.com/cordum/cordum/cmd/coretexctl/pack.go:604.2,604.23 1 0
github.com/cordum/cordum/cmd/coretexctl/pack.go:607.57,608.21 1 1
github.com/cordum/cordum/cmd/coretexctl/pack.go:608.21,610.3 1 1
github.com/cordum/cordum/cmd/coretexctl/pack.go:611.2,612.14 2 1
github.com/cordum/cordum/cmd/coretexctl/pack.go:612.14,614.3 1 1
github.com/cordum/cordum/cmd/coretexctl/pack.go:615.2,616.32 2 1
github.com/cordum/cordum/cmd/coretexctl/pack.go:616.32,618.3 1 1
github.com/cordum/cordum/cmd/coretexctl/pack.go:619.2,619.56 1 1
github.com/cordum/cordum/cmd/coretexctl/pack.go:619.56,621.3 1 1
github.com/cordum/cordum/cmd/coretexctl/pack.go:622.2,622.40 1 1
github.com/cordum/cordum/cmd/coretexctl/pack.go:622.40,623.23 1 1
github.com/cordum/cordum/cmd/coretexctl/pack.go:623.23,625.4 1 0
github.com/cordum/cordum/cmd/coretexctl/pack.go:626.3,626.52 1 1
github.com/cordum/cordum/cmd/coretexctl/pack.go:626.52,628.4 1 1
github.com/cordum/cordum/cmd/coretexctl/pack.go:630.2,630.49 1 1
github.com/cordum/cordum/cmd/coretexctl/pack.go:630.49,631.37 1 1
github.com/cordum/cordum/cmd/coretexctl/pack.go:631.37,633.4 1 0
github.com/cordum/cordum/cmd/coretexctl/pack.go:634.3,634.41 1 1
github.com/cordum/cordum/cmd/coretexctl/pack.go:634.41,636.4 1 1
github.com/cordum/cordum/cmd/coretexctl/pack.go:638.2,638.51 1 1
github.com/cordum/cordum/cmd/coretexctl/pack.go:638.51,639.37 1 1
github.com/cordum/cordum/cmd/coretexctl/pack.go:639.37,641.4 1 0
github.com/cordum/cordum/cmd/coretexctl/pack.go:642.3,642.41 1 1
github.com/cordum/cordum/cmd/coretexctl/pack.go:642.41,644.4 1 0
github.com/cordum/cordum/cmd/coretexctl/pack.go:646.2,646.12 1 1
github.com/cordum/cordum/cmd/coretexctl/pack.go:649.61,650.49 1 1
github.com/cordum/cordum/cmd/coretexctl/pack.go:650.49,652.3 1 1
github.com/cordum/cordum/cmd/coretexctl/pack.go:653.2,653.77 1 1
github.com/cordum/cordum/cmd/coretexctl/pack.go:653.77,655.3 1 1
github.com/cordum/cordum/cmd/coretexctl/pack.go:656.2,656.12 1 1
github.com/cordum/cordum/cmd/coretexctl/pack.go:659.77,660.15 1 1
github.com/cordum/cordum/cmd/coretexctl/pack.go:660.15,662.3 1 1
github.com/cordum/cordum/cmd/coretexctl/pack.go:663.2,663.67 1 1
github.com/cordum/cordum/cmd/coretexctl/pack.go:666.63,667.35 1 1
github.com/cordum/cordum/cmd/coretexctl/pack.go:667.35,668.46 1 1
github.com/cordum/cordum/cmd/coretexctl/pack.go:668.46,670.4 1 1
github.com/cordum/cordum/cmd/coretexctl/pack.go:672.2,672.14 1 0
github.com/cordum/cordum/cmd/coretexctl/pack.go:675.142,677.15 2 0
github.com/cordum/cordum/cmd/coretexctl/pack.go:677.15,679.3 1 0
github.com/cordum/cordum/cmd/coretexctl/pack.go:680.2,681.54 2 0
github.com/cordum/cordum/cmd/coretexctl/pack.go:681.54,683.3 1 0
github.com/cordum/cordum/cmd/coretexctl/pack.go:684.2,685.16 2 0
github.com/cordum/cordum/cmd/coretexctl/pack.go:685.16,687.3 1 0
github.com/cordum/cordum/cmd/coretexctl/pack.go:688.2,689.9 2 0
github.com/cordum/cordum/cmd/coretexctl/pack.go:689.9,691.3 1 0
github.com/cordum/cordum/cmd/coretexctl/pack.go:692.2,693.17 2 0
github.com/cordum/cordum/cmd/coretexctl/pack.go:693.17,695.3 1 0
github.com/cordum/cordum/cmd/coretexctl/pack.go:696.2,697.40 2 0
github.com/cordum/cordum/cmd/coretexctl/pack.go:697.40,699.3 1 0
github.com/cordum/cordum/cmd/coretexctl/pack.go:700.2,701.16 2 0
github.com/cordum/cordum/cmd/coretexctl/pack.go:701.16,702.23 1 0
github.com/cordum/cordum/cmd/coretexctl/pack.go:702.23,704.4 1 0
github.com/cordum/cordum/cmd/coretexctl/pack.go:705.3,705.75 1 0
github.com/cordum/cordum/cmd/coretexctl/pack.go:707.2,707.21 1 0
github.com/cordum/cordum/cmd/coretexctl/pack.go:707.21,709.3 1 0
github.com/cordum/cordum/cmd/coretexctl/pack.go:710.2,711.76 2 0
github.com/cordum/cordum/cmd/coretexctl/pack.go:711.76,713.3 1 0
github.com/cordum/cordum/cmd/coretexctl/pack.go:714.2,717.51 4 0
github.com/cordum/cordum/cmd/coretexctl/pack.go:717.51,719.3 1 0
github.com/cordum/cordum/cmd/coretexctl/pack.go:720.2,729.8 1 0
github.com/cordum/cordum/cmd/coretexctl/pack.go:732.107,734.16 2 0
github.com/cordum/cordum/cmd/coretexctl/pack.go:734.16,735.22 1 0
github.com/cordum/cordum/cmd/coretexctl/pack.go:735.22,737.4 1 0
github.com/cordum/cordum/cmd/coretexctl/pack.go:738.3,738.13 1 0
github.com/cordum/cordum/cmd/coretexctl/pack.go:740.2,740.21 1 0
github.com/cordum/cordum/cmd/coretexctl/pack.go:740.21,742.3 1 0
github.com/cordum/cordum/cmd/coretexctl/pack.go:743.2,744.20 2 0
github.com/cordum/cordum/cmd/coretexctl/pack.go:744.20,746.3 1 0
github.com/cordum/cordum/cmd/coretexctl/pack.go:747.2,750.35 4 0
github.com/cordum/cordum/cmd/coretexctl/pack.go:753.102,756.16 3 0
github.com/cordum/cordum/cmd/coretexctl/pack.go:756.16,757.23 1 0
github.com/cordum/cordum/cmd/coretexctl/pack.go:757.23,759.4 1 0
github.com/cordum/cordum/cmd/coretexctl/pack.go:760.3,760.91 1 0
github.com/cordum/cordum/cmd/coretexctl/pack.go:762.2,762.21 1 0
github.com/cordum/cordum/cmd/coretexctl/pack.go:762.21,764.3 1 0
github.com/cordum/cordum/cmd/coretexctl/pack.go:765.2,765.28 1 0
github.com/cordum/cordum/cmd/coretexctl/pack.go:765.28,767.3 1 0
github.com/cordum/cordum/cmd/coretexctl/pack.go:767.8,769.3 1 0
github.com/cordum/cordum/cmd/coretexctl/pack.go:770.2,770.35 1 0
github.com/cordum/cordum/cmd/coretexctl/pack.go:773.155,775.53 2 0
github.com/cordum/cordum/cmd/coretexctl/pack.go:775.53,777.3 1 0
github.com/cordum/cordum/cmd/coretexctl/pack.go:778.2,779.16 2 0
github.com/cordum/cordum/cmd/coretexctl/pack.go:779.16,781.3 1 0
github.com/cordum/cordum/cmd/coretexctl/pack.go:782.2,784.16 3 0
github.com/cordum/cordum/cmd/coretexctl/pack.go:784.16,785.23 1 0
github.com/cordum/cordum/cmd/coretexctl/pack.go:785.23,787.4 1 0
github.com/cordum/cordum/cmd/coretexctl/pack.go:788.3,788.94 1 0
github.com/cordum/cordum/cmd/coretexctl/pack.go:790.2,790.21 1 0
github.com/cordum/cordum/cmd/coretexctl/pack.go:790.21,792.3 1 0
github.com/cordum/cordum/cmd/coretexctl/pack.go:793.2,795.20 3 0
github.com/cordum/cordum/cmd/coretexctl/pack.go:795.20,797.3 1 0
github.com/cordum/cordum/cmd/coretexctl/pack.go:798.2,808.51 6 0
github.com/cordum/cordum/cmd/coretexctl/pack.go:808.51,810.3 1 0
github.com/cordum/cordum/cmd/coretexctl/pack.go:811.2,818.8 1 0
github.com/cordum/cordum/cmd/coretexctl/pack.go:821.107,823.16 2 0
github.com/cordum/cordum/cmd/coretexctl/pack.go:823.16,824.22 1 0
github.com/cordum/cordum/cmd/coretexctl/pack.go:824.22,826.4 1 0
github.com/cordum/cordum/cmd/coretexctl/pack.go:827.3,827.13 1 0
github.com/cordum/cordum/cmd/coretexctl/pack.go:829.2,831.27 3 0
github.com/cordum/cordum/cmd/coretexctl/pack.go:831.27,833.3 1 0
github.com/cordum/cordum/cmd/coretexctl/pack.go:834.2,836.35 3 0
github.com/cordum/cordum/cmd/coretexctl/pack.go:839.102,841.16 2 0
github.com/cordum/cordum/cmd/coretexctl/pack.go:841.16,842.23 1 0
github.com/cordum/cordum/cmd/coretexctl/pack.go:842.23,844.4 1 0
github.com/cordum/cordum/cmd/coretexctl/pack.go:845.3,845.94 1 0
github.com/cordum/cordum/cmd/coretexctl/pack.go:847.2,847.21 1 0
github.com/cordum/cordum/cmd/coretexctl/pack.go:847.21,849.3 1 0
github.com/cordum/cordum/cmd/coretexctl/pack.go:850.2,852.20 3 0
github.com/cordum/cordum/cmd/coretexctl/pack.go:852.20,854.3 1 0
github.com/cordum/cordum/cmd/coretexctl/pack.go:855.2,855.25 1 0
github.com/cordum/cordum/cmd/coretexctl/pack.go:855.25,857.3 1 0
github.com/cordum/cordum/cmd/coretexctl/pack.go:857.8,859.3 1 0
github.com/cordum/cordum/cmd/coretexctl/pack.go:860.2,861.35 2 0
github.com/cordum/cordum/cmd/coretexctl/pack.go:864.51,866.16 2 1
github.com/cordum/cordum/cmd/coretexctl/pack.go:866.16,868.3 1 1
github.com/cordum/cordum/cmd/coretexctl/pack.go:869.2,869.43 1 1
github.com/cordum/cordum/cmd/coretexctl/pack.go:872.85,873.46 1 0
github.com/cordum/cordum/cmd/coretexctl/pack.go:873.46,875.3 1 0
github.com/cordum/cordum/cmd/coretexctl/pack.go:876.2,876.42 1 0
github.com/cordum/cordum/cmd/coretexctl/pack.go:879.89,880.46 1 0
github.com/cordum/cordum/cmd/coretexctl/pack.go:880.46,882.3 1 0
github.com/cordum/cordum/cmd/coretexctl/pack.go:883.2,883.44 1 0
github.com/cordum/cordum/cmd/coretexctl/pack.go:886.115,887.30 1 0
github.com/cordum/cordum/cmd/coretexctl/pack.go:887.30,889.3 1 0
github.com/cordum/cordum/cmd/coretexctl/pack.go:890.2,903.61 2 0
github.com/cordum/cordum/cmd/coretexctl/pack.go:903.61,904.35 1 0
github.com/cordum/cordum/cmd/coretexctl/pack.go:904.35,906.4 1 0
github.com/cordum/cordum/cmd/coretexctl/pack.go:907.3,907.37 1 0
github.com/cordum/cordum/cmd/coretexctl/pack.go:907.37,909.4 1 0
github.com/cordum/cordum/cmd/coretexctl/pack.go:911.2,915.103 2 0
github.com/cordum/cordum/cmd/coretexctl/pack.go:915.103,917.3 1 0
github.com/cordum/cordum/cmd/coretexctl/pack.go:918.2,920.19 3 0
github.com/cordum/cordum/cmd/coretexctl/pack.go:920.19,922.3 1 0
github.com/cordum/cordum/cmd/coretexctl/pack.go:923.2,923.12 1 0
github.com/cordum/cordum/cmd/coretexctl/pack.go:926.43,928.13 2 1
github.com/cordum/cordum/cmd/coretexctl/pack.go:929.38,930.17 1 1
github.com/cordum/cordum/cmd/coretexctl/pack.go:931.36,932.16 1 1
github.com/cordum/cordum/cmd/coretexctl/pack.go:933.74,934.28 1 1
github.com/cordum/cordum/cmd/coretexctl/pack.go:935.72,936.34 1 1
github.com/cordum/cordum/cmd/coretexctl/pack.go:937.44,938.20 1 1
github.com/cordum/cordum/cmd/coretexctl/pack.go:939.10,940.13 1 1
github.com/cordum/cordum/cmd/coretexctl/pack.go:944.91,946.16 2 0
github.com/cordum/cordum/cmd/coretexctl/pack.go:946.16,948.3 1 0
github.com/cordum/cordum/cmd/coretexctl/pack.go:949.2,950.16 2 0
github.com/cordum/cordum/cmd/coretexctl/pack.go:950.16,952.3 1 0
github.com/cordum/cordum/cmd/coretexctl/pack.go:953.2,954.35 2 0
github.com/cordum/cordum/cmd/coretexctl/pack.go:957.94,960.2 2 0
github.com/cordum/cordum/cmd/coretexctl/pack.go:962.97,964.16 2 0
github.com/cordum/cordum/cmd/coretexctl/pack.go:964.16,966.3 1 0
github.com/cordum/cordum/cmd/coretexctl/pack.go:967.2,968.9 2 0
github.com/cordum/cordum/cmd/coretexctl/pack.go:968.9,970.3 1 0
github.com/cordum/cordum/cmd/coretexctl/pack.go:971.2,971.18 1 0
github.com/cordum/cordum/cmd/coretexctl/pack.go:974.107,976.16 2 0
github.com/cordum/cordum/cmd/coretexctl/pack.go:976.16,977.22 1 0
github.com/cordum/cordum/cmd/coretexctl/pack.go:977.22,979.4 1 0
github.com/cordum/cordum/cmd/coretexctl/pack.go:980.3,980.23 1 0
github.com/cordum/cordum/cmd/coretexctl/pack.go:982.2,984.16 3 0
github.com/cordum/cordum/cmd/coretexctl/pack.go:984.16,986.3 1 0
github.com/cordum/cordum/cmd/coretexctl/pack.go:987.2,988.16 2 0
github.com/cordum/cordum/cmd/coretexctl/pack.go:988.16,990.3 1 0
github.com/cordum/cordum/cmd/coretexctl/pack.go:991.2,991.55 1 0
github.com/cordum/cordum/cmd/coretexctl/pack.go:991.55,993.3 1 0
github.com/cordum/cordum/cmd/coretexctl/pack.go:994.2,994.26 1 0
github.com/cordum/cordum/cmd/coretexctl/pack.go:997.65,999.16 2 1
github.com/cordum/cordum/cmd/coretexctl/pack.go:999.16,1001.3 1 0
github.com/cordum/cordum/cmd/coretexctl/pack.go:1002.2,1003.51 2 1
github.com/cordum/cordum/cmd/coretexctl/pack.go:1003.51,1005.3 1 0
github.com/cordum/cordum/cmd/coretexctl/pack.go:1006.2,1006.12 1 1
github.com/cordum/cordum/cmd/coretexctl/pack.go:1009.102,1011.79 2 0
github.com/cordum/cordum/cmd/coretexctl/pack.go:1011.79,1012.17 1 0
github.com/cordum/cordum/cmd/coretexctl/pack.go:1012.18,1012.19 0 0
github.com/cordum/cordum/cmd/coretexctl/pack.go:1014.2,1015.81 2 0
github.com/cordum/cordum/cmd/coretexctl/pack.go:1015.81,1017.17 2 0
github.com/cordum/cordum/cmd/coretexctl/pack.go:1017.18,1017.19 0 0
github.com/cordum/cordum/cmd/coretexctl/pack.go:1019.2,1019.16 1 0
github.com/cordum/cordum/cmd/coretexctl/pack.go:1019.16,1022.3 2 0
github.com/cordum/cordum/cmd/coretexctl/pack.go:1025.25,1027.16 2 0
github.com/cordum/cordum/cmd/coretexctl/pack.go:1027.16,1029.3 1 0
github.com/cordum/cordum/cmd/coretexctl/pack.go:1030.2,1030.59 1 0
github.com/cordum/cordum/cmd/coretexctl/pack.go:1033.74,1035.16 2 0
github.com/cordum/cordum/cmd/coretexctl/pack.go:1035.16,1037.3 1 0
github.com/cordum/cordum/cmd/coretexctl/pack.go:1038.2,1039.16 2 0
github.com/cordum/cordum/cmd/coretexctl/pack.go:1039.16,1041.3 1 0
github.com/cordum/cordum/cmd/coretexctl/pack.go:1042.2,1043.9 2 0
github.com/cordum/cordum/cmd/coretexctl/pack.go:1043.9,1045.3 1 0
github.com/cordum/cordum/cmd/coretexctl/pack.go:1046.2,1047.16 2 0
github.com/cordum/cordum/cmd/coretexctl/pack.go:1047.16,1049.3 1 0
github.com/cordum/cordum/cmd/coretexctl/pack.go:1050.2,1050.31 1 0
github.com/cordum/cordum/cmd/coretexctl/pack.go:1053.80,1055.16 2 0
github.com/cordum/cordum/cmd/coretexctl/pack.go:1055.16,1057.3 1 0
github.com/cordum/cordum/cmd/coretexctl/pack.go:1058.2,1059.16 2 0
github.com/cordum/cordum/cmd/coretexctl/pack.go:1059.16,1061.3 1 0
github.com/cordum/cordum/cmd/coretexctl/pack.go:1062.2,1063.9 2 0
github.com/cordum/cordum/cmd/coretexctl/pack.go:1063.9,1065.3 1 0
github.com/cordum/cordum/cmd/coretexctl/pack.go:1066.2,1066.14 1 0
github.com/cordum/cordum/cmd/coretexctl/pack.go:1066.14,1068.3 1 0
github.com/cordum/cordum/cmd/coretexctl/pack.go:1069.2,1071.16 3 0
github.com/cordum/cordum/cmd/coretexctl/pack.go:1071.16,1073.3 1 0
github.com/cordum/cordum/cmd/coretexctl/pack.go:1074.2,1074.33 1 0
github.com/cordum/cordum/cmd/coretexctl/pack.go:1077.67,1079.29 2 0
github.com/cordum/cordum/cmd/coretexctl/pack.go:1079.29,1080.12 1 0
github.com/cordum/cordum/cmd/coretexctl/pack.go:1081.35,1082.12 1 0
github.com/cordum/cordum/cmd/coretexctl/pack.go:1083.11,1084.14 1 0
github.com/cordum/cordum/cmd/coretexctl/pack.go:1087.2,1087.12 1 0
github.com/cordum/cordum/cmd/coretexctl/pack.go:1090.60,1092.2 1 0
github.com/cordum/cordum/cmd/coretexctl/pack.go:1094.45,1096.16 2 0
github.com/cordum/cordum/cmd/coretexctl/pack.go:1096.16,1098.3 1 0
github.com/cordum/cordum/cmd/coretexctl/pack.go:1099.2,1100.43 2 0
github.com/cordum/cordum/cmd/coretexctl/pack.go:1100.43,1102.3 1 0
github.com/cordum/cordum/cmd/coretexctl/pack.go:1103.2,1103.55 1 0
github.com/cordum/cordum/cmd/coretexctl/pack.go:1103.55,1105.3 1 0
github.com/cordum/cordum/cmd/coretexctl/pack.go:1106.2,1106.36 1 0
github.com/cordum/cordum/cmd/coretexctl/pack.go:1109.54,1111.16 2 0
github.com/cordum/cordum/cmd/coretexctl/pack.go:1111.16,1113.3 1 0
github.com/cordum/cordum/cmd/coretexctl/pack.go:1114.2,1114.27 1 0
github.com/cordum/cordum/cmd/coretexctl/pack.go:1117.94,1118.30 1 0
github.com/cordum/cordum/cmd/coretexctl/pack.go:1119.15,1120.52 1 0
github.com/cordum/cordum/cmd/coretexctl/pack.go:1121.18,1122.46 1 0
github.com/cordum/cordum/cmd/coretexctl/pack.go:1123.10,1124.62 1 0
github.com/cordum/cordum/cmd/coretexctl/pack.go:1128.81,1130.22 2 1
github.com/cordum/cordum/cmd/coretexctl/pack.go:1130.22,1132.10 2 1
github.com/cordum/cordum/cmd/coretexctl/pack.go:1132.10,1134.4 1 0
github.com/cordum/cordum/cmd/coretexctl/pack.go:1135.3,1135.29 1 1
github.com/cordum/cordum/cmd/coretexctl/pack.go:1135.29,1136.52 1 1
github.com/cordum/cordum/cmd/coretexctl/pack.go:1136.52,1138.5 1 1
github.com/cordum/cordum/cmd/coretexctl/pack.go:1141.2,1142.21 2 1
github.com/cordum/cordum/cmd/coretexctl/pack.go:1142.21,1144.10 2 1
github.com/cordum/cordum/cmd/coretexctl/pack.go:1144.10,1146.4 1 0
github.com/cordum/cordum/cmd/coretexctl/pack.go:1147.3,1148.27 2 1
github.com/cordum/cordum/cmd/coretexctl/pack.go:1148.27,1149.40 1 1
github.com/cordum/cordum/cmd/coretexctl/pack.go:1149.40,1150.13 1 1
github.com/cordum/cordum/cmd/coretexctl/pack.go:1152.4,1152.40 1 1
github.com/cordum/cordum/cmd/coretexctl/pack.go:1152.40,1154.5 1 1
github.com/cordum/cordum/cmd/coretexctl/pack.go:1157.2,1157.25 1 1
github.com/cordum/cordum/cmd/coretexctl/pack.go:1157.25,1158.40 1 1
github.com/cordum/cordum/cmd/coretexctl/pack.go:1158.40,1160.4 1 1
github.com/cordum/cordum/cmd/coretexctl/pack.go:1162.2,1162.12 1 1
github.com/cordum/cordum/cmd/coretexctl/pack.go:1165.52,1168.30 3 1
github.com/cordum/cordum/cmd/coretexctl/pack.go:1168.30,1170.3 1 1
github.com/cordum/cordum/cmd/coretexctl/pack.go:1171.2,1173.25 3 1
github.com/cordum/cordum/cmd/coretexctl/pack.go:1173.25,1175.3 1 0
github.com/cordum/cordum/cmd/coretexctl/pack.go:1176.2,1176.26 1 1
github.com/cordum/cordum/cmd/coretexctl/pack.go:1176.26,1178.3 1 1
github.com/cordum/cordum/cmd/coretexctl/pack.go:1179.2,1179.12 1 1
github.com/cordum/cordum/cmd/coretexctl/pack.go:1182.71,1184.22 2 1
github.com/cordum/cordum/cmd/coretexctl/pack.go:1184.22,1186.10 2 1
github.com/cordum/cordum/cmd/coretexctl/pack.go:1186.10,1188.4 1 0
github.com/cordum/cordum/cmd/coretexctl/pack.go:1189.3,1189.29 1 1
github.com/cordum/cordum/cmd/coretexctl/pack.go:1189.29,1190.52 1 1
github.com/cordum/cordum/cmd/coretexctl/pack.go:1190.52,1192.5 1 1
github.com/cordum/cordum/cmd/coretexctl/pack.go:1195.2,1196.25 2 1
github.com/cordum/cordum/cmd/coretexctl/pack.go:1196.25,1198.10 2 1
github.com/cordum/cordum/cmd/coretexctl/pack.go:1198.10,1200.4 1 0
github.com/cordum/cordum/cmd/coretexctl/pack.go:1201.3,1201.29 1 1
github.com/cordum/cordum/cmd/coretexctl/pack.go:1201.29,1202.42 1 1
github.com/cordum/cordum/cmd/coretexctl/pack.go:1202.42,1204.5 1 1
github.com/cordum/cordum/cmd/coretexctl/pack.go:1207.2,1207.25 1 1
github.com/cordum/cordum/cmd/coretexctl/pack.go:1207.25,1208.44 1 1
github.com/cordum/cordum/cmd/coretexctl/pack.go:1208.44,1210.4 1 1
github.com/cordum/cordum/cmd/coretexctl/pack.go:1212.2,1212.12 1 1
github.com/cordum/cordum/cmd/coretexctl/pack.go:1215.60,1217.26 2 1
github.com/cordum/cordum/cmd/coretexctl/pack.go:1217.26,1219.3 1 1
github.com/cordum/cordum/cmd/coretexctl/pack.go:1220.2,1220.12 1 1
github.com/cordum/cordum/cmd/coretexctl/pack.go:1223.38,1224.27 1 1
github.com/cordum/cordum/cmd/coretexctl/pack.go:1225.22,1227.27 2 1
github.com/cordum/cordum/cmd/coretexctl/pack.go:1227.27,1229.4 1 1
github.com/cordum/cordum/cmd/coretexctl/pack.go:1230.3,1230.13 1 1
github.com/cordum/cordum/cmd/coretexctl/pack.go:1231.10,1232.13 1 1
github.com/cordum/cordum/cmd/coretexctl/pack.go:1236.44,1237.18 1 0
github.com/cordum/cordum/cmd/coretexctl/pack.go:1237.18,1239.3 1 0
github.com/cordum/cordum/cmd/coretexctl/pack.go:1240.2,1241.9 2 0
github.com/cordum/cordum/cmd/coretexctl/pack.go:1241.9,1243.3 1 0
github.com/cordum/cordum/cmd/coretexctl/pack.go:1244.2,1245.22 2 0
github.com/cordum/cordum/cmd/coretexctl/pack.go:1245.22,1247.3 1 0
github.com/cordum/cordum/cmd/coretexctl/pack.go:1247.8,1249.3 1 0
github.com/cordum/cordum/cmd/coretexctl/pack.go:1250.2,1250.29 1 0
github.com/cordum/cordum/cmd/coretexctl/pack.go:1250.29,1251.15 1 0
github.com/cordum/cordum/cmd/coretexctl/pack.go:1251.15,1253.12 2 0
github.com/cordum/cordum/cmd/coretexctl/pack.go:1255.3,1255.45 1 0
github.com/cordum/cordum/cmd/coretexctl/pack.go:1255.45,1257.12 2 0
github.com/cordum/cordum/cmd/coretexctl/pack.go:1259.3,1259.19 1 0
github.com/cordum/cordum/cmd/coretexctl/pack.go:1261.2,1261.18 1 0
github.com/cordum/cordum/cmd/coretexctl/pack.go:1264.49,1266.23 2 0
github.com/cordum/cordum/cmd/coretexctl/pack.go:1266.23,1268.3 1 0
github.com/cordum/cordum/cmd/coretexctl/pack.go:1269.2,1269.12 1 0
github.com/cordum/cordum/cmd/coretexctl/pack.go:1272.35,1273.27 1 1
github.com/cordum/cordum/cmd/coretexctl/pack.go:1274.22,1276.27 2 1
github.com/cordum/cordum/cmd/coretexctl/pack.go:1276.27,1278.4 1 1
github.com/cordum/cordum/cmd/coretexctl/pack.go:1279.3,1279.13 1 1
github.com/cordum/cordum/cmd/coretexctl/pack.go:1280.19,1282.27 2 0
github.com/cordum/cordum/cmd/coretexctl/pack.go:1282.27,1285.4 2 0
github.com/cordum/cordum/cmd/coretexctl/pack.go:1286.3,1286.13 1 0
github.com/cordum/cordum/cmd/coretexctl/pack.go:1287.13,1289.27 2 0
github.com/cordum/cordum/cmd/coretexctl/pack.go:1289.27,1291.4 1 0
github.com/cordum/cordum/cmd/coretexctl/pack.go:1292.3,1292.13 1 0
github.com/cordum/cordum/cmd/coretexctl/pack.go:1293.10,1294.11 1 1
github.com/cordum/cordum/cmd/coretexctl/pack.go:1298.30,1299.18 1 0
github.com/cordum/cordum/cmd/coretexctl/pack.go:1299.18,1301.3 1 0
github.com/cordum/cordum/cmd/coretexctl/pack.go:1302.2,1303.16 2 0
github.com/cordum/cordum/cmd/coretexctl/pack.go:1303.16,1305.3 1 0
github.com/cordum/cordum/cmd/coretexctl/pack.go:1306.2,1307.51 2 0
github.com/cordum/cordum/cmd/coretexctl/pack.go:1307.51,1309.3 1 0
github.com/cordum/cordum/cmd/coretexctl/pack.go:1310.2,1310.12 1 0
github.com/cordum/cordum/cmd/coretexctl/pack.go:1313.43,1315.16 2 0
github.com/cordum/cordum/cmd/coretexctl/pack.go:1315.16,1317.3 1 0
github.com/cordum/cordum/cmd/coretexctl/pack.go:1318.2,1319.40 2 0
github.com/cordum/cordum/cmd/coretexctl/pack.go:1322.47,1324.52 2 0
github.com/cordum/cordum/cmd/coretexctl/pack.go:1324.52,1326.3 1 0
github.com/cordum/cordum/cmd/coretexctl/pack.go:1327.2,1327.34 1 0
github.com/cordum/cordum/cmd/coretexctl/pack.go:1330.61,1331.27 1 0
github.com/cordum/cordum/cmd/coretexctl/pack.go:1332.11,1334.13 2 0
github.com/cordum/cordum/cmd/coretexctl/pack.go:1335.22,1336.36 1 0
github.com/cordum/cordum/cmd/coretexctl/pack.go:1337.13,1338.38 1 0
github.com/cordum/cordum/cmd/coretexctl/pack.go:1339.10,1341.17 2 0
github.com/cordum/cordum/cmd/coretexctl/pack.go:1341.17,1343.4 1 0
github.com/cordum/cordum/cmd/coretexctl/pack.go:1344.3,1345.13 2 0
github.com/cordum/cordum/cmd/coretexctl/pack.go:1349.71,1351.19 2 0
github.com/cordum/cordum/cmd/coretexctl/pack.go:1351.19,1353.3 1 0
github.com/cordum/cordum/cmd/coretexctl/pack.go:1354.2,1356.25 3 0
github.com/cordum/cordum/cmd/coretexctl/pack.go:1356.25,1357.12 1 0
github.com/cordum/cordum/cmd/coretexctl/pack.go:1357.12,1359.4 1 0
github.com/cordum/cordum/cmd/coretexctl/pack.go:1360.3,1363.52 4 0
github.com/cordum/cordum/cmd/coretexctl/pack.go:1363.52,1365.4 1 0
github.com/cordum/cordum/cmd/coretexctl/pack.go:1367.2,1368.12 2 0
github.com/cordum/cordum/cmd/coretexctl/pack.go:1371.68,1373.29 2 0
github.com/cordum/cordum/cmd/coretexctl/pack.go:1373.29,1374.12 1 0
github.com/cordum/cordum/cmd/coretexctl/pack.go:1374.12,1376.4 1 0
github.com/cordum/cordum/cmd/coretexctl/pack.go:1377.3,1377.52 1 0
github.com/cordum/cordum/cmd/coretexctl/pack.go:1377.52,1379.4 1 0
github.com/cordum/cordum/cmd/coretexctl/pack.go:1381.2,1382.12 2 0
github.com/cordum/cordum/cmd/coretexctl/pack.go:1391.56,1399.2 1 0
github.com/cordum/cordum/cmd/coretexctl/pack.go:1401.51,1403.2 1 0
github.com/cordum/cordum/cmd/coretexctl/pack.go:1410.36,1412.2 1 0
github.com/cordum/cordum/cmd/coretexctl/pack.go:1414.33,1417.2 2 0
github.com/cordum/cordum/cmd/coretexctl/pack.go:1419.96,1421.17 2 0
github.com/cordum/cordum/cmd/coretexctl/pack.go:1421.17,1423.59 2 0
github.com/cordum/cordum/cmd/coretexctl/pack.go:1423.59,1425.4 1 0
github.com/cordum/cordum/cmd/coretexctl/pack.go:1426.3,1426.44 1 0
github.com/cordum/cordum/cmd/coretexctl/pack.go:1428.2,1429.16 2 0
github.com/cordum/cordum/cmd/coretexctl/pack.go:1429.16,1431.3 1 0
github.com/cordum/cordum/cmd/coretexctl/pack.go:1432.2,1432.17 1 0
github.com/cordum/cordum/cmd/coretexctl/pack.go:1432.17,1434.3 1 0
github.com/cordum/cordum/cmd/coretexctl/pack.go:1435.2,1435.20 1 0
github.com/cordum/cordum/cmd/coretexctl/pack.go:1435.20,1437.3 1 0
github.com/cordum/cordum/cmd/coretexctl/pack.go:1438.2,1439.16 2 0
github.com/cordum/cordum/cmd/coretexctl/pack.go:1439.16,1441.3 1 0
github.com/cordum/cordum/cmd/coretexctl/pack.go:1442.2,1443.53 2 0
github.com/cordum/cordum/cmd/coretexctl/pack.go:1443.53,1446.16 3 0
github.com/cordum/cordum/cmd/coretexctl/pack.go:1446.16,1448.4 1 0
github.com/cordum/cordum/cmd/coretexctl/pack.go:1449.3,1449.59 1 0
github.com/cordum/cordum/cmd/coretexctl/pack.go:1451.2,1451.16 1 0
github.com/cordum/cordum/cmd/coretexctl/pack.go:1451.16,1453.3 1 0
github.com/cordum/cordum/cmd/coretexctl/pack.go:1454.2,1454.47 1 0
github.com/cordum/cordum/cmd/coretexctl/pack.go:1466.96,1469.71 3 0
github.com/cordum/cordum/cmd/coretexctl/pack.go:1469.71,1471.3 1 0
github.com/cordum/cordum/cmd/coretexctl/pack.go:1472.2,1472.18 1 0
github.com/cordum/cordum/cmd/coretexctl/pack.go:1475.75,1476.16 1 0
github.com/cordum/cordum/cmd/coretexctl/pack.go:1476.16,1478.3 1 0
github.com/cordum/cordum/cmd/coretexctl/pack.go:1479.2,1485.67 2 0
github.com/cordum/cordum/cmd/coretexctl/pack.go:1488.88,1492.89 2 0
github.com/cordum/cordum/cmd/coretexctl/pack.go:1492.89,1494.3 1 0
github.com/cordum/cordum/cmd/coretexctl/pack.go:1495.2,1495.25 1 0
github.com/cordum/cordum/cmd/coretexctl/pack.go:1498.98,1504.2 2 0
github.com/cordum/cordum/cmd/coretexctl/pack.go:1506.73,1508.2 1 0
github.com/cordum/cordum/cmd/coretexctl/pack.go:1510.90,1512.91 2 0
github.com/cordum/cordum/cmd/coretexctl/pack.go:1512.91,1514.3 1 0
github.com/cordum/cordum/cmd/coretexctl/pack.go:1515.2,1515.18 1 0
github.com/cordum/cordum/cmd/coretexctl/pack.go:1518.89,1520.2 1 0
github.com/cordum/cordum/cmd/coretexctl/pack.go:1522.75,1524.2 1 0
github.com/cordum/cordum/cmd/coretexctl/pack.go:1526.104,1534.2 2 0
github.com/cordum/cordum/cmd/coretexctl/pack.go:1536.85,1542.2 2 0
github.com/cordum/cordum/cmd/coretexctl/pack.go:1544.29,1546.16 2 0
github.com/cordum/cordum/cmd/coretexctl/pack.go:1546.16,1548.3 1 0
github.com/cordum/cordum/cmd/coretexctl/pack.go:1549.2,1549.60 1 0
github.com/cordum/cordum/cmd/coretexctl/pack.go:1552.49,1554.16 2 0
github.com/cordum/cordum/cmd/coretexctl/pack.go:1554.16,1556.3 1 0
github.com/cordum/cordum/cmd/coretexctl/pack.go:1557.2,1558.53 2 0
github.com/cordum/cordum/cmd/coretexctl/pack.go:1558.53,1560.3 1 0
github.com/cordum/cordum/cmd/coretexctl/pack.go:1561.2,1562.16 2 0
github.com/cordum/cordum/cmd/coretexctl/pack.go:1562.16,1564.3 1 0
github.com/cordum/cordum/cmd/coretexctl/pack.go:1565.2,1566.55 2 0
github.com/cordum/cordum/cmd/coretexctl/pack.go:1566.55,1568.3 1 0
github.com/cordum/cordum/cmd/coretexctl/pack.go:1569.2,1569.28 1 0
github.com/cordum/cordum/cmd/coretexctl/pack.go:1572.32,1575.2 2 0
github.com/cordum/cordum/cmd/coretexctl/pack.go:1577.44,1579.16 2 0
github.com/cordum/cordum/cmd/coretexctl/pack.go:1579.16,1581.3 1 0
github.com/cordum/cordum/cmd/coretexctl/pack.go:1582.2,1584.16 3 0
github.com/cordum/cordum/cmd/coretexctl/pack.go:1584.16,1586.3 1 0
github.com/cordum/cordum/cmd/coretexctl/pack.go:1587.2,1593.6 4 0
github.com/cordum/cordum/cmd/coretexctl/pack.go:1593.6,1595.20 2 0
github.com/cordum/cordum/cmd/coretexctl/pack.go:1595.20,1596.9 1 0
github.com/cordum/cordum/cmd/coretexctl/pack.go:1598.3,1598.17 1 0
github.com/cordum/cordum/cmd/coretexctl/pack.go:1598.17,1600.4 1 0
github.com/cordum/cordum/cmd/coretexctl/pack.go:1601.3,1602.17 2 0
github.com/cordum/cordum/cmd/coretexctl/pack.go:1602.17,1604.4 1 0
github.com/cordum/cordum/cmd/coretexctl/pack.go:1605.3,1605.23 1 0
github.com/cordum/cordum/cmd/coretexctl/pack.go:1606.20,1607.53 1 0
github.com/cordum/cordum/cmd/coretexctl/pack.go:1607.53,1609.5 1 0
github.com/cordum/cordum/cmd/coretexctl/pack.go:1610.20,1612.28 2 0
github.com/cordum/cordum/cmd/coretexctl/pack.go:1612.28,1614.5 1 0
github.com/cordum/cordum/cmd/coretexctl/pack.go:1615.4,1615.51 1 0
github.com/cordum/cordum/cmd/coretexctl/pack.go:1615.51,1617.5 1 0
github.com/cordum/cordum/cmd/coretexctl/pack.go:1618.4,1619.42 2 0
github.com/cordum/cordum/cmd/coretexctl/pack.go:1619.42,1621.5 1 0
github.com/cordum/cordum/cmd/coretexctl/pack.go:1622.4,1622.67 1 0
github.com/cordum/cordum/cmd/coretexctl/pack.go:1622.67,1624.5 1 0
github.com/cordum/cordum/cmd/coretexctl/pack.go:1625.4,1626.18 2 0
github.com/cordum/cordum/cmd/coretexctl/pack.go:1626.18,1628.5 1 0
github.com/cordum/cordum/cmd/coretexctl/pack.go:1629.4,1629.84 1 0
github.com/cordum/cordum/cmd/coretexctl/pack.go:1629.84,1632.5 2 0
github.com/cordum/cordum/cmd/coretexctl/pack.go:1633.4,1633.15 1 0
github.com/cordum/cordum/cmd/coretexctl/pack.go:1636.2,1636.12 1 0
github.com/cordum/cordum/cmd/coretexctl/pack.go:1639.50,1641.33 2 0
github.com/cordum/cordum/cmd/coretexctl/pack.go:1641.33,1643.3 1 0
github.com/cordum/cordum/cmd/coretexctl/pack.go:1644.2,1644.27 1 0
github.com/cordum/cordum/cmd/coretexctl/pack.go:1644.27,1646.3 1 0
github.com/cordum/cordum/cmd/coretexctl/pack.go:1647.2,1649.16 3 0
github.com/cordum/cordum/cmd/coretexctl/pack.go:1649.16,1651.3 1 0
github.com/cordum/cordum/cmd/coretexctl/pack.go:1652.2,1652.74 1 0
github.com/cordum/cordum/cmd/coretexctl/pack.go:1652.74,1654.3 1 0
github.com/cordum/cordum/cmd/coretexctl/pack.go:1655.2,1655.20 1 0
github.com/cordum/cordum/cmd/coretexctl/pack.go:1658.47,1659.87 1 0
github.com/cordum/cordum/cmd/coretexctl/pack.go:1659.87,1661.3 1 0
github.com/cordum/cordum/cmd/coretexctl/pack.go:1662.2,1663.16 2 0
github.com/cordum/cordum/cmd/coretexctl/pack.go:1663.16,1665.3 1 0
github.com/cordum/cordum/cmd/coretexctl/pack.go:1666.2,1666.46 1 0
github.com/cordum/cordum/cmd/coretexctl/pack.go:1666.46,1668.3 1 0
github.com/cordum/cordum/cmd/coretexctl/pack.go:1669.2,1670.93 2 0
github.com/cordum/cordum/cmd/coretexctl/pack.go:1670.93,1672.3 1 0
github.com/cordum/cordum/cmd/coretexctl/pack.go:1673.2,1673.57 1 0
github.com/cordum/cordum/cmd/coretexctl/pack.go:1676.31,1679.2 2 0
github.com/cordum/cordum/core/configsvc/canonical_json.go:13.56,14.17 1 1
github.com/cordum/cordum/core/configsvc/canonical_json.go:14.17,16.3 1 0
github.com/cordum/cordum/core/configsvc/canonical_json.go:17.2,18.16 2 1
github.com/cordum/cordum/core/configsvc/canonical_json.go:18.16,20.3 1 0
github.com/cordum/cordum/core/configsvc/canonical_json.go:21.2,22.17 2 1
github.com/cordum/cordum/core/configsvc/canonical_json.go:25.47,27.53 2 1
github.com/cordum/cordum/core/configsvc/canonical_json.go:27.53,29.3 1 0
github.com/cordum/cordum/core/configsvc/canonical_json.go:30.2,30.25 1 1
github.com/cordum/cordum/core/configsvc/canonical_json.go:33.58,34.27 1 1
github.com/cordum/cordum/core/configsvc/canonical_json.go:35.11,37.13 2 0
github.com/cordum/cordum/core/configsvc/canonical_json.go:38.23,40.13 2 0
github.com/cordum/cordum/core/configsvc/canonical_json.go:41.22,42.36 1 1
github.com/cordum/cordum/core/configsvc/canonical_json.go:43.25,45.25 2 0
github.com/cordum/cordum/core/configsvc/canonical_json.go:45.25,47.4 1 0
github.com/cordum/cordum/core/configsvc/canonical_json.go:48.3,48.38 1 0
github.com/cordum/cordum/core/configsvc/canonical_json.go:49.13,50.38 1 0
github.com/cordum/cordum/core/configsvc/canonical_json.go:51.16,53.25 2 0
github.com/cordum/cordum/core/configsvc/canonical_json.go:53.25,55.4 1 0
github.com/cordum/cordum/core/configsvc/canonical_json.go:56.3,56.40 1 0
github.com/cordum/cordum/core/configsvc/canonical_json.go:57.13,59.25 2 0
github.com/cordum/cordum/core/configsvc/canonical_json.go:59.25,61.4 1 0
github.com/cordum/cordum/core/configsvc/canonical_json.go:62.3,62.40 1 0
github.com/cordum/cordum/core/configsvc/canonical_json.go:63.15,65.25 2 0
github.com/cordum/cordum/core/configsvc/canonical_json.go:65.25,67.4 1 0
github.com/cordum/cordum/core/configsvc/canonical_json.go:68.3,68.40 1 0
github.com/cordum/cordum/core/configsvc/canonical_json.go:69.17,71.25 2 0
github.com/cordum/cordum/core/configsvc/canonical_json.go:71.25,73.4 1 0
github.com/cordum/cordum/core/configsvc/canonical_json.go:74.3,74.40 1 0
github.com/cordum/cordum/core/configsvc/canonical_json.go:75.14,77.25 2 0
github.com/cordum/cordum/core/configsvc/canonical_json.go:77.25,79.4 1 0
github.com/cordum/cordum/core/configsvc/canonical_json.go:80.3,80.40 1 0
github.com/cordum/cordum/core/configsvc/canonical_json.go:81.10,83.17 2 1
github.com/cordum/cordum/core/configsvc/canonical_json.go:83.17,85.4 1 0
github.com/cordum/cordum/core/configsvc/canonical_json.go:86.3,87.13 2 1
github.com/cordum/cordum/core/configsvc/canonical_json.go:91.68,93.19 2 1
github.com/cordum/cordum/core/configsvc/canonical_json.go:93.19,95.3 1 1
github.com/cordum/cordum/core/configsvc/canonical_json.go:96.2,98.25 3 1
github.com/cordum/cordum/core/configsvc/canonical_json.go:98.25,99.12 1 1
github.com/cordum/cordum/core/configsvc/canonical_json.go:99.12,101.4 1 1
github.com/cordum/cordum/core/configsvc/canonical_json.go:102.3,105.52 4 1
github.com/cordum/cordum/core/configsvc/canonical_json.go:105.52,107.4 1 0
github.com/cordum/cordum/core/configsvc/canonical_json.go:109.2,110.12 2 1
github.com/cordum/cordum/core/configsvc/canonical_json.go:113.65,115.29 2 0
github.com/cordum/cordum/core/configsvc/canonical_json.go:115.29,116.12 1 0
github.com/cordum/cordum/core/configsvc/canonical_json.go:116.12,118.4 1 0
github.com/cordum/cordum/core/configsvc/canonical_json.go:119.3,119.52 1 0
github.com/cordum/cordum/core/configsvc/canonical_json.go:119.52,121.4 1 0
github.com/cordum/cordum/core/configsvc/canonical_json.go:123.2,124.12 2 0
github.com/cordum/cordum/core/configsvc/canonical_json.go:127.56,130.30 3 1
github.com/cordum/cordum/core/configsvc/canonical_json.go:130.30,133.3 2 1
github.com/cordum/cordum/core/configsvc/canonical_json.go:134.2,134.33 1 1
github.com/cordum/cordum/core/configsvc/canonical_json.go:137.36,140.2 2 1
github.com/cordum/cordum/core/configsvc/service.go:46.40,47.15 1 1
github.com/cordum/cordum/core/configsvc/service.go:47.15,49.3 1 0
github.com/cordum/cordum/core/configsvc/service.go:50.2,51.16 2 1
github.com/cordum/cordum/core/configsvc/service.go:51.16,53.3 1 0
github.com/cordum/cordum/core/configsvc/service.go:54.2,57.47 4 1
github.com/cordum/cordum/core/configsvc/service.go:57.47,59.3 1 0
github.com/cordum/cordum/core/configsvc/service.go:60.2,60.38 1 1
github.com/cordum/cordum/core/configsvc/service.go:63.33,64.21 1 1
github.com/cordum/cordum/core/configsvc/service.go:64.21,66.3 1 0
github.com/cordum/cordum/core/configsvc/service.go:67.2,67.25 1 1
github.com/cordum/cordum/core/configsvc/service.go:71.65,72.35 1 1
github.com/cordum/cordum/core/configsvc/service.go:72.35,74.3 1 0
github.com/cordum/cordum/core/configsvc/service.go:75.2,75.51 1 1
github.com/cordum/cordum/core/configsvc/service.go:75.51,77.3 1 0
github.com/cordum/cordum/core/configsvc/service.go:78.2,81.16 4 1
github.com/cordum/cordum/core/configsvc/service.go:81.16,83.3 1 0
github.com/cordum/cordum/core/configsvc/service.go:84.2,84.76 1 1
github.com/cordum/cordum/core/configsvc/service.go:88.87,89.17 1 1
github.com/cordum/cordum/core/configsvc/service.go:89.17,91.3 1 0
github.com/cordum/cordum/core/configsvc/service.go:92.2,93.16 2 1
github.com/cordum/cordum/core/configsvc/service.go:93.16,95.3 1 0
github.com/cordum/cordum/core/configsvc/service.go:96.2,97.51 2 1
github.com/cordum/cordum/core/configsvc/service.go:97.51,99.3 1 0
github.com/cordum/cordum/core/configsvc/service.go:100.2,100.18 1 1
github.com/cordum/cordum/core/configsvc/service.go:105.116,107.16 2 1
github.com/cordum/cordum/core/configsvc/service.go:107.16,109.3 1 0
github.com/cordum/cordum/core/configsvc/service.go:110.2,110.17 1 1
github.com/cordum/cordum/core/configsvc/service.go:110.17,112.3 1 0
github.com/cordum/cordum/core/configsvc/service.go:113.2,113.23 1 1
github.com/cordum/cordum/core/configsvc/service.go:117.128,130.29 4 1
github.com/cordum/cordum/core/configsvc/service.go:130.29,131.49 1 1
github.com/cordum/cordum/core/configsvc/service.go:131.49,132.12 1 1
github.com/cordum/cordum/core/configsvc/service.go:134.3,135.17 2 1
github.com/cordum/cordum/core/configsvc/service.go:135.17,137.12 1 0
github.com/cordum/cordum/core/configsvc/service.go:139.3,140.33 2 1
github.com/cordum/cordum/core/configsvc/service.go:142.2,148.8 3 1
github.com/cordum/cordum/core/configsvc/service.go:152.44,153.19 1 1
github.com/cordum/cordum/core/configsvc/service.go:153.19,155.3 1 0
github.com/cordum/cordum/core/configsvc/service.go:156.2,156.24 1 1
github.com/cordum/cordum/core/configsvc/service.go:156.24,158.3 1 1
github.com/cordum/cordum/core/configsvc/service.go:161.44,162.26 1 1
github.com/cordum/cordum/core/configsvc/service.go:162.26,163.15 1 1
github.com/cordum/cordum/core/configsvc/service.go:163.15,165.4 1 0
github.com/cordum/cordum/core/configsvc/service.go:167.2,167.44 1 1
github.com/cordum/cordum/core/context/engine/client.go:16.90,17.16 1 1
github.com/cordum/cordum/core/context/engine/client.go:17.16,19.3 1 0
github.com/cordum/cordum/core/context/engine/client.go:20.2,20.16 1 1
github.com/cordum/cordum/core/context/engine/client.go:20.16,22.3 1 0
github.com/cordum/cordum/core/context/engine/client.go:23.2,23.34 1 1
github.com/cordum/cordum/core/context/engine/client.go:23.34,27.3 3 0
github.com/cordum/cordum/core/context/engine/client.go:28.2,29.16 2 1
github.com/cordum/cordum/core/context/engine/client.go:29.16,31.3 1 0
github.com/cordum/cordum/core/context/engine/client.go:32.2,32.49 1 1
github.com/cordum/cordum/core/context/engine/client.go:32.49,32.65 1 1
github.com/cordum/cordum/core/context/engine/service.go:27.52,28.20 1 1
github.com/cordum/cordum/core/context/engine/service.go:28.20,30.3 1 0
github.com/cordum/cordum/core/context/engine/service.go:31.2,32.16 2 1
github.com/cordum/cordum/core/context/engine/service.go:32.16,34.3 1 0
github.com/cordum/cordum/core/context/engine/service.go:35.2,38.47 4 1
github.com/cordum/cordum/core/context/engine/service.go:38.47,40.3 1 0
github.com/cordum/cordum/core/context/engine/service.go:41.2,44.8 1 1
github.com/cordum/cordum/core/context/engine/service.go:54.113,57.53 3 1
github.com/cordum/cordum/core/context/engine/service.go:57.53,59.3 1 0
github.com/cordum/cordum/core/context/engine/service.go:61.2,65.109 3 1
github.com/cordum/cordum/core/context/engine/service.go:65.109,67.30 2 1
github.com/cordum/cordum/core/context/engine/service.go:67.30,69.79 2 1
github.com/cordum/cordum/core/context/engine/service.go:69.79,71.5 1 1
github.com/cordum/cordum/core/context/engine/service.go:76.2,76.63 1 1
github.com/cordum/cordum/core/context/engine/service.go:76.63,78.21 2 1
github.com/cordum/cordum/core/context/engine/service.go:78.21,79.62 1 1
github.com/cordum/cordum/core/context/engine/service.go:79.62,84.5 1 1
github.com/cordum/cordum/core/context/engine/service.go:85.9,87.30 2 1
github.com/cordum/cordum/core/context/engine/service.go:87.30,88.83 1 1
github.com/cordum/cordum/core/context/engine/service.go:88.83,90.23 2 1
github.com/cordum/cordum/core/context/engine/service.go:90.23,92.7 1 0
github.com/cordum/cordum/core/context/engine/service.go:93.6,96.8 1 1
github.com/cordum/cordum/core/context/engine/service.go:103.2,103.19 1 1
github.com/cordum/cordum/core/context/engine/service.go:103.19,105.3 1 1
github.com/cordum/cordum/core/context/engine/service.go:108.2,109.19 2 1
github.com/cordum/cordum/core/context/engine/service.go:109.19,111.3 1 1
github.com/cordum/cordum/core/context/engine/service.go:112.2,116.20 4 1
github.com/cordum/cordum/core/context/engine/service.go:116.20,118.3 1 1
github.com/cordum/cordum/core/context/engine/service.go:120.2,124.8 1 1
github.com/cordum/cordum/core/context/engine/service.go:128.116,130.20 2 1
github.com/cordum/cordum/core/context/engine/service.go:130.20,132.3 1 0
github.com/cordum/cordum/core/context/engine/service.go:133.2,134.53 2 1
github.com/cordum/cordum/core/context/engine/service.go:134.53,136.3 1 0
github.com/cordum/cordum/core/context/engine/service.go:137.2,137.45 1 1
github.com/cordum/cordum/core/context/engine/service.go:137.45,139.3 1 0
github.com/cordum/cordum/core/context/engine/service.go:141.2,146.19 5 1
github.com/cordum/cordum/core/context/engine/service.go:146.19,148.48 2 1
github.com/cordum/cordum/core/context/engine/service.go:148.48,151.4 2 1
github.com/cordum/cordum/core/context/engine/service.go:153.2,153.24 1 1
github.com/cordum/cordum/core/context/engine/service.go:153.24,155.48 2 1
github.com/cordum/cordum/core/context/engine/service.go:155.48,158.4 2 1
github.com/cordum/cordum/core/context/engine/service.go:160.2,160.32 1 1
github.com/cordum/cordum/core/context/engine/service.go:160.32,162.3 1 1
github.com/cordum/cordum/core/context/engine/service.go:163.2,164.40 2 1
github.com/cordum/cordum/core/context/engine/service.go:167.54,169.2 1 1
github.com/cordum/cordum/core/context/engine/service.go:171.57,173.2 1 1
github.com/cordum/cordum/core/context/engine/service.go:175.61,177.2 1 1
github.com/cordum/cordum/core/context/engine/service.go:179.54,181.2 1 1
github.com/cordum/cordum/core/context/engine/service.go:191.82,192.20 1 1
github.com/cordum/cordum/core/context/engine/service.go:192.20,194.3 1 0
github.com/cordum/cordum/core/context/engine/service.go:195.2,196.34 2 1
github.com/cordum/cordum/core/context/engine/service.go:196.34,198.3 1 0
github.com/cordum/cordum/core/context/engine/service.go:199.2,200.25 2 1
github.com/cordum/cordum/core/context/engine/service.go:200.25,202.17 2 1
github.com/cordum/cordum/core/context/engine/service.go:202.17,203.12 1 0
github.com/cordum/cordum/core/context/engine/service.go:205.3,206.51 2 1
github.com/cordum/cordum/core/context/engine/service.go:206.51,208.4 1 1
github.com/cordum/cordum/core/context/engine/service.go:210.2,210.12 1 1
github.com/cordum/cordum/core/context/engine/service.go:213.76,214.20 1 1
github.com/cordum/cordum/core/context/engine/service.go:214.20,216.3 1 0
github.com/cordum/cordum/core/context/engine/service.go:217.2,218.16 2 1
github.com/cordum/cordum/core/context/engine/service.go:218.16,220.3 1 0
github.com/cordum/cordum/core/context/engine/service.go:221.2,221.12 1 1
github.com/cordum/cordum/core/context/engine/service.go:224.61,225.23 1 1
github.com/cordum/cordum/core/context/engine/service.go:225.23,227.3 1 0
github.com/cordum/cordum/core/context/engine/service.go:228.2,229.54 2 1
github.com/cordum/cordum/core/context/engine/service.go:229.54,231.3 1 1
github.com/cordum/cordum/core/context/engine/service.go:232.2,232.52 1 1
github.com/cordum/cordum/core/context/engine/service.go:232.52,234.3 1 1
github.com/cordum/cordum/core/context/engine/service.go:235.2,235.53 1 1
github.com/cordum/cordum/core/context/engine/service.go:235.53,237.3 1 0
github.com/cordum/cordum/core/context/engine/service.go:238.2,238.65 1 1
github.com/cordum/cordum/core/context/engine/service.go:238.65,240.48 2 1
github.com/cordum/cordum/core/context/engine/service.go:240.48,242.4 1 1
github.com/cordum/cordum/core/context/engine/service.go:243.3,243.17 1 1
github.com/cordum/cordum/core/context/engine/service.go:243.17,245.4 1 1
github.com/cordum/cordum/core/context/engine/service.go:246.3,246.15 1 0
github.com/cordum/cordum/core/context/engine/service.go:248.2,248.24 1 0
github.com/cordum/cordum/core/context/engine/service.go:251.58,253.23 2 1
github.com/cordum/cordum/core/context/engine/service.go:253.23,255.3 1 0
github.com/cordum/cordum/core/context/engine/service.go:256.2,256.54 1 1
github.com/cordum/cordum/core/context/engine/service.go:256.54,258.3 1 0
github.com/cordum/cordum/core/context/engine/service.go:259.2,259.44 1 1
github.com/cordum/cordum/core/context/engine/service.go:259.44,261.3 1 1
github.com/cordum/cordum/core/context/engine/service.go:262.2,262.11 1 1
github.com/cordum/cordum/core/context/engine/service.go:265.50,267.25 2 1
github.com/cordum/cordum/core/context/engine/service.go:267.25,269.3 1 1
github.com/cordum/cordum/core/context/engine/service.go:270.2,270.14 1 1
github.com/cordum/cordum/core/context/engine/service.go:273.80,274.20 1 1
github.com/cordum/cordum/core/context/engine/service.go:274.20,276.3 1 0
github.com/cordum/cordum/core/context/engine/service.go:277.2,277.61 1 1
github.com/cordum/cordum/core/context/engine/service.go:277.61,280.3 1 0
github.com/cordum/cordum/core/context/engine/service.go:281.2,281.13 1 1
github.com/cordum/cordum/cmd/coretex-scheduler/config_overlay.go:28.133,29.16 1 1
github.com/cordum/cordum/cmd/coretex-scheduler/config_overlay.go:29.16,31.3 1 0
github.com/cordum/cordum/cmd/coretex-scheduler/config_overlay.go:32.2,33.16 2 1
github.com/cordum/cordum/cmd/coretex-scheduler/config_overlay.go:33.16,34.33 1 1
github.com/cordum/cordum/cmd/coretex-scheduler/config_overlay.go:34.33,36.4 1 0
github.com/cordum/cordum/cmd/coretex-scheduler/config_overlay.go:37.3,41.4 1 1
github.com/cordum/cordum/cmd/coretex-scheduler/config_overlay.go:43.2,43.21 1 1
github.com/cordum/cordum/cmd/coretex-scheduler/config_overlay.go:43.21,45.3 1 0
github.com/cordum/cordum/cmd/coretex-scheduler/config_overlay.go:46.2,47.18 2 1
github.com/cordum/cordum/cmd/coretex-scheduler/config_overlay.go:47.18,48.38 1 1
github.com/cordum/cordum/cmd/coretex-scheduler/config_overlay.go:48.38,50.18 2 1
github.com/cordum/cordum/cmd/coretex-scheduler/config_overlay.go:50.18,52.5 1 0
github.com/cordum/cordum/cmd/coretex-scheduler/config_overlay.go:53.4,54.18 2 1
github.com/cordum/cordum/cmd/coretex-scheduler/config_overlay.go:57.2,57.21 1 1
github.com/cordum/cordum/cmd/coretex-scheduler/config_overlay.go:57.21,58.41 1 1
github.com/cordum/cordum/cmd/coretex-scheduler/config_overlay.go:58.41,60.18 2 1
github.com/cordum/cordum/cmd/coretex-scheduler/config_overlay.go:60.18,62.5 1 0
github.com/cordum/cordum/cmd/coretex-scheduler/config_overlay.go:63.4,64.18 2 1
github.com/cordum/cordum/cmd/coretex-scheduler/config_overlay.go:67.2,67.14 1 1
github.com/cordum/cordum/cmd/coretex-scheduler/config_overlay.go:67.14,69.3 1 0
github.com/cordum/cordum/cmd/coretex-scheduler/config_overlay.go:70.2,70.26 1 1
github.com/cordum/cordum/cmd/coretex-scheduler/config_overlay.go:73.170,78.16 2 1
github.com/cordum/cordum/cmd/coretex-scheduler/config_overlay.go:78.16,80.3 1 0
github.com/cordum/cordum/cmd/coretex-scheduler/config_overlay.go:81.2,82.16 2 1
github.com/cordum/cordum/cmd/coretex-scheduler/config_overlay.go:82.16,83.32 1 1
github.com/cordum/cordum/cmd/coretex-scheduler/config_overlay.go:83.32,85.4 1 0
github.com/cordum/cordum/cmd/coretex-scheduler/config_overlay.go:86.3,86.19 1 1
github.com/cordum/cordum/cmd/coretex-scheduler/config_overlay.go:88.2,88.21 1 1
github.com/cordum/cordum/cmd/coretex-scheduler/config_overlay.go:88.21,90.3 1 0
github.com/cordum/cordum/cmd/coretex-scheduler/config_overlay.go:92.2,92.38 1 1
github.com/cordum/cordum/cmd/coretex-scheduler/config_overlay.go:92.38,94.17 2 1
github.com/cordum/cordum/cmd/coretex-scheduler/config_overlay.go:94.17,96.4 1 0
github.com/cordum/cordum/cmd/coretex-scheduler/config_overlay.go:96.9,96.26 1 1
github.com/cordum/cordum/cmd/coretex-scheduler/config_overlay.go:96.26,99.4 2 1
github.com/cordum/cordum/cmd/coretex-scheduler/config_overlay.go:101.2,101.41 1 1
github.com/cordum/cordum/cmd/coretex-scheduler/config_overlay.go:101.41,103.17 2 1
github.com/cordum/cordum/cmd/coretex-scheduler/config_overlay.go:103.17,105.4 1 0
github.com/cordum/cordum/cmd/coretex-scheduler/config_overlay.go:105.9,105.29 1 1
github.com/cordum/cordum/cmd/coretex-scheduler/config_overlay.go:105.29,108.4 2 1
github.com/cordum/cordum/cmd/coretex-scheduler/config_overlay.go:110.2,110.18 1 1
github.com/cordum/cordum/cmd/coretex-scheduler/config_overlay.go:113.221,114.56 1 1
github.com/cordum/cordum/cmd/coretex-scheduler/config_overlay.go:114.56,116.3 1 0
github.com/cordum/cordum/cmd/coretex-scheduler/config_overlay.go:117.2,118.69 2 1
github.com/cordum/cordum/cmd/coretex-scheduler/config_overlay.go:118.69,119.71 1 1
github.com/cordum/cordum/cmd/coretex-scheduler/config_overlay.go:119.71,121.4 1 1
github.com/cordum/cordum/cmd/coretex-scheduler/config_overlay.go:121.9,123.4 1 0
github.com/cordum/cordum/cmd/coretex-scheduler/config_overlay.go:125.2,129.6 5 1
github.com/cordum/cordum/cmd/coretex-scheduler/config_overlay.go:129.6,130.10 1 1
github.com/cordum/cordum/cmd/coretex-scheduler/config_overlay.go:131.21,132.10 1 1
github.com/cordum/cordum/cmd/coretex-scheduler/config_overlay.go:133.19,135.18 2 1
github.com/cordum/cordum/cmd/coretex-scheduler/config_overlay.go:135.18,137.13 2 1
github.com/cordum/cordum/cmd/coretex-scheduler/config_overlay.go:139.4,139.84 1 1
github.com/cordum/cordum/cmd/coretex-scheduler/config_overlay.go:139.84,144.5 4 1
github.com/cordum/cordum/cmd/coretex-scheduler/config_overlay.go:145.4,145.96 1 1
github.com/cordum/cordum/cmd/coretex-scheduler/config_overlay.go:145.96,150.5 4 1
github.com/cordum/cordum/cmd/coretex-scheduler/config_overlay.go:155.68,160.18 2 1
github.com/cordum/cordum/cmd/coretex-scheduler/config_overlay.go:160.18,162.3 1 0
github.com/cordum/cordum/cmd/coretex-scheduler/config_overlay.go:163.2,163.44 1 1
github.com/cordum/cordum/cmd/coretex-scheduler/config_overlay.go:163.44,167.3 3 1
github.com/cordum/cordum/cmd/coretex-scheduler/config_overlay.go:168.2,168.38 1 1
github.com/cordum/cordum/cmd/coretex-scheduler/config_overlay.go:168.38,172.3 3 1
github.com/cordum/cordum/cmd/coretex-scheduler/config_overlay.go:173.2,173.16 1 1
github.com/cordum/cordum/cmd/coretex-scheduler/config_overlay.go:176.99,177.16 1 1
github.com/cordum/cordum/cmd/coretex-scheduler/config_overlay.go:177.16,179.3 1 1
github.com/cordum/cordum/cmd/coretex-scheduler/config_overlay.go:180.2,182.26 3 1
github.com/cordum/cordum/cmd/coretex-scheduler/config_overlay.go:182.26,184.3 1 1
github.com/cordum/cordum/cmd/coretex-scheduler/config_overlay.go:185.2,186.25 2 1
github.com/cordum/cordum/cmd/coretex-scheduler/config_overlay.go:186.25,188.3 1 1
github.com/cordum/cordum/cmd/coretex-scheduler/config_overlay.go:189.2,190.23 2 1
github.com/cordum/cordum/cmd/coretex-scheduler/config_overlay.go:190.23,192.3 1 1
github.com/cordum/cordum/cmd/coretex-scheduler/config_overlay.go:193.2,193.54 1 1
github.com/cordum/cordum/cmd/coretex-scheduler/config_overlay.go:196.63,198.16 2 1
github.com/cordum/cordum/cmd/coretex-scheduler/config_overlay.go:198.16,200.3 1 0
github.com/cordum/cordum/cmd/coretex-scheduler/config_overlay.go:201.2,202.16 2 1
github.com/cordum/cordum/cmd/coretex-scheduler/config_overlay.go:202.16,204.3 1 0
github.com/cordum/cordum/cmd/coretex-scheduler/config_overlay.go:205.2,206.16 2 1
github.com/cordum/cordum/cmd/coretex-scheduler/config_overlay.go:206.16,208.3 1 0
github.com/cordum/cordum/cmd/coretex-scheduler/config_overlay.go:209.2,209.23 1 1
github.com/cordum/cordum/cmd/coretex-scheduler/config_overlay.go:212.69,214.16 2 1
github.com/cordum/cordum/cmd/coretex-scheduler/config_overlay.go:214.16,216.3 1 0
github.com/cordum/cordum/cmd/coretex-scheduler/config_overlay.go:217.2,218.16 2 1
github.com/cordum/cordum/cmd/coretex-scheduler/config_overlay.go:218.16,220.3 1 0
github.com/cordum/cordum/cmd/coretex-scheduler/config_overlay.go:221.2,222.16 2 1
github.com/cordum/cordum/cmd/coretex-scheduler/config_overlay.go:222.16,224.3 1 0
github.com/cordum/cordum/cmd/coretex-scheduler/config_overlay.go:225.2,225.23 1 1
github.com/cordum/cordum/cmd/coretex-scheduler/config_overlay.go:228.47,230.16 2 1
github.com/cordum/cordum/cmd/coretex-scheduler/config_overlay.go:230.16,232.3 1 0
github.com/cordum/cordum/cmd/coretex-scheduler/config_overlay.go:233.2,234.51 2 1
github.com/cordum/cordum/cmd/coretex-scheduler/config_overlay.go:234.51,236.3 1 0
github.com/cordum/cordum/cmd/coretex-scheduler/config_overlay.go:237.2,237.17 1 1
github.com/cordum/cordum/cmd/coretex-scheduler/config_overlay.go:240.41,242.16 2 1
github.com/cordum/cordum/cmd/coretex-scheduler/config_overlay.go:242.16,244.3 1 0
github.com/cordum/cordum/cmd/coretex-scheduler/config_overlay.go:245.2,246.40 2 1
github.com/cordum/cordum/cmd/coretex-scheduler/config_overlay.go:249.47,251.52 2 1
github.com/cordum/cordum/cmd/coretex-scheduler/config_overlay.go:251.52,253.3 1 0
github.com/cordum/cordum/cmd/coretex-scheduler/config_overlay.go:254.2,254.25 1 1
github.com/cordum/cordum/cmd/coretex-scheduler/config_overlay.go:257.58,258.27 1 1
github.com/cordum/cordum/cmd/coretex-scheduler/config_overlay.go:259.11,261.13 2 0
github.com/cordum/cordum/cmd/coretex-scheduler/config_overlay.go:262.22,263.36 1 1
github.com/cordum/cordum/cmd/coretex-scheduler/config_overlay.go:264.13,265.38 1 1
github.com/cordum/cordum/cmd/coretex-scheduler/config_overlay.go:266.10,268.17 2 1
github.com/cordum/cordum/cmd/coretex-scheduler/config_overlay.go:268.17,270.4 1 0
github.com/cordum/cordum/cmd/coretex-scheduler/config_overlay.go:271.3,272.13 2 1
github.com/cordum/cordum/cmd/coretex-scheduler/config_overlay.go:276.68,278.19 2 1
github.com/cordum/cordum/cmd/coretex-scheduler/config_overlay.go:278.19,280.3 1 1
github.com/cordum/cordum/cmd/coretex-scheduler/config_overlay.go:281.2,283.25 3 1
github.com/cordum/cordum/cmd/coretex-scheduler/config_overlay.go:283.25,284.12 1 1
github.com/cordum/cordum/cmd/coretex-scheduler/config_overlay.go:284.12,286.4 1 1
github.com/cordum/cordum/cmd/coretex-scheduler/config_overlay.go:287.3,290.52 4 1
github.com/cordum/cordum/cmd/coretex-scheduler/config_overlay.go:290.52,292.4 1 0
github.com/cordum/cordum/cmd/coretex-scheduler/config_overlay.go:294.2,295.12 2 1
github.com/cordum/cordum/cmd/coretex-scheduler/config_overlay.go:298.65,300.29 2 1
github.com/cordum/cordum/cmd/coretex-scheduler/config_overlay.go:300.29,301.12 1 1
github.com/cordum/cordum/cmd/coretex-scheduler/config_overlay.go:301.12,303.4 1 0
github.com/cordum/cordum/cmd/coretex-scheduler/config_overlay.go:304.3,304.52 1 1
github.com/cordum/cordum/cmd/coretex-scheduler/config_overlay.go:304.52,306.4 1 0
github.com/cordum/cordum/cmd/coretex-scheduler/config_overlay.go:308.2,309.12 2 1
github.com/cordum/cordum/cmd/coretex-scheduler/main.go:24.13,31.16 5 0
github.com/cordum/cordum/cmd/coretex-scheduler/main.go:31.16,33.3 1 0
github.com/cordum/cordum/cmd/coretex-scheduler/main.go:34.2,34.24 1 0
github.com/cordum/cordum/cmd/coretex-scheduler/main.go:34.24,36.3 1 0
github.com/cordum/cordum/cmd/coretex-scheduler/main.go:38.2,39.12 2 0
github.com/cordum/cordum/cmd/coretex-scheduler/main.go:39.12,50.77 5 0
github.com/cordum/cordum/cmd/coretex-scheduler/main.go:50.77,52.4 1 0
github.com/cordum/cordum/cmd/coretex-scheduler/main.go:55.2,56.16 2 0
github.com/cordum/cordum/cmd/coretex-scheduler/main.go:56.16,58.3 1 0
github.com/cordum/cordum/cmd/coretex-scheduler/main.go:59.2,62.16 3 0
github.com/cordum/cordum/cmd/coretex-scheduler/main.go:62.16,64.3 1 0
github.com/cordum/cordum/cmd/coretex-scheduler/main.go:65.2,68.16 3 0
github.com/cordum/cordum/cmd/coretex-scheduler/main.go:68.16,70.3 1 0
github.com/cordum/cordum/cmd/coretex-scheduler/main.go:71.2,74.16 3 0
github.com/cordum/cordum/cmd/coretex-scheduler/main.go:74.16,76.3 1 0
github.com/cordum/cordum/cmd/coretex-scheduler/main.go:78.2,79.16 2 0
github.com/cordum/cordum/cmd/coretex-scheduler/main.go:79.16,81.3 1 0
github.com/cordum/cordum/cmd/coretex-scheduler/main.go:82.2,87.78 4 0
github.com/cordum/cordum/cmd/coretex-scheduler/main.go:87.78,89.3 1 0
github.com/cordum/cordum/cmd/coretex-scheduler/main.go:91.2,92.16 2 0
github.com/cordum/cordum/cmd/coretex-scheduler/main.go:92.16,94.3 1 0
github.com/cordum/cordum/cmd/coretex-scheduler/main.go:95.2,95.27 1 0
github.com/cordum/cordum/cmd/coretex-scheduler/main.go:95.27,97.3 1 0
github.com/cordum/cordum/cmd/coretex-scheduler/main.go:98.2,98.30 1 0
github.com/cordum/cordum/cmd/coretex-scheduler/main.go:98.30,100.3 1 0
github.com/cordum/cordum/cmd/coretex-scheduler/main.go:101.2,107.47 3 0
github.com/cordum/cordum/cmd/coretex-scheduler/main.go:107.47,109.3 1 0
github.com/cordum/cordum/cmd/coretex-scheduler/main.go:110.2,124.39 5 0
github.com/cordum/cordum/cmd/coretex-scheduler/main.go:124.39,126.3 1 0
github.com/cordum/cordum/cmd/coretex-scheduler/main.go:128.2,129.16 2 0
github.com/cordum/cordum/cmd/coretex-scheduler/main.go:129.16,131.3 1 0
github.com/cordum/cordum/cmd/coretex-scheduler/main.go:131.8,134.62 3 0
github.com/cordum/cordum/cmd/coretex-scheduler/main.go:134.62,135.72 1 0
github.com/cordum/cordum/cmd/coretex-scheduler/main.go:135.72,137.5 1 0
github.com/cordum/cordum/cmd/coretex-scheduler/main.go:137.10,139.5 1 0
github.com/cordum/cordum/cmd/coretex-scheduler/main.go:141.3,141.13 1 0
github.com/cordum/cordum/cmd/coretex-scheduler/main.go:141.13,144.8 3 0
github.com/cordum/cordum/cmd/coretex-scheduler/main.go:144.8,145.12 1 0
github.com/cordum/cordum/cmd/coretex-scheduler/main.go:146.23,147.12 1 0
github.com/cordum/cordum/cmd/coretex-scheduler/main.go:148.21,152.20 4 0
github.com/cordum/cordum/cmd/coretex-scheduler/main.go:152.20,154.15 2 0
github.com/cordum/cordum/cmd/coretex-scheduler/main.go:156.6,156.90 1 0
github.com/cordum/cordum/cmd/coretex-scheduler/main.go:156.90,158.7 1 0
github.com/cordum/cordum/cmd/coretex-scheduler/main.go:164.2,178.10 13 0
github.com/cordum/cordum/core/controlplane/safetykernel/kernel.go:46.36,47.16 1 0
github.com/cordum/cordum/core/controlplane/safetykernel/kernel.go:47.16,49.3 1 0
github.com/cordum/cordum/core/controlplane/safetykernel/kernel.go:51.2,55.16 5 0
github.com/cordum/cordum/core/controlplane/safetykernel/kernel.go:55.16,57.3 1 0
github.com/cordum/cordum/core/controlplane/safetykernel/kernel.go:59.2,60.16 2 0
github.com/cordum/cordum/core/controlplane/safetykernel/kernel.go:60.16,62.3 1 0
github.com/cordum/cordum/core/controlplane/safetykernel/kernel.go:64.2,65.61 2 0
github.com/cordum/cordum/core/controlplane/safetykernel/kernel.go:65.61,67.16 2 0
github.com/cordum/cordum/core/controlplane/safetykernel/kernel.go:67.16,69.4 1 0
github.com/cordum/cordum/core/controlplane/safetykernel/kernel.go:69.9,69.83 1 0
github.com/cordum/cordum/core/controlplane/safetykernel/kernel.go:69.83,71.4 1 0
github.com/cordum/cordum/core/controlplane/safetykernel/kernel.go:71.9,73.4 1 0
github.com/cordum/cordum/core/controlplane/safetykernel/kernel.go:76.2,78.26 3 0
github.com/cordum/cordum/core/controlplane/safetykernel/kernel.go:78.26,80.3 1 0
github.com/cordum/cordum/core/controlplane/safetykernel/kernel.go:82.2,87.46 5 0
github.com/cordum/cordum/core/controlplane/safetykernel/kernel.go:87.46,89.3 1 0
github.com/cordum/cordum/core/controlplane/safetykernel/kernel.go:90.2,90.12 1 0
github.com/cordum/cordum/core/controlplane/safetykernel/kernel.go:93.106,95.2 1 1
github.com/cordum/cordum/core/controlplane/safetykernel/kernel.go:97.109,99.2 1 1
github.com/cordum/cordum/core/controlplane/safetykernel/kernel.go:101.108,103.2 1 1
github.com/cordum/cordum/core/controlplane/safetykernel/kernel.go:105.109,107.2 1 1
github.com/cordum/cordum/core/controlplane/safetykernel/kernel.go:109.116,114.2 4 1
github.com/cordum/cordum/core/controlplane/safetykernel/kernel.go:116.117,123.33 6 1
github.com/cordum/cordum/core/controlplane/safetykernel/kernel.go:123.33,125.3 1 0
github.com/cordum/cordum/core/controlplane/safetykernel/kernel.go:127.2,131.19 5 1
github.com/cordum/cordum/core/controlplane/safetykernel/kernel.go:131.19,133.3 1 1
github.com/cordum/cordum/core/controlplane/safetykernel/kernel.go:134.2,136.18 2 1
github.com/cordum/cordum/core/controlplane/safetykernel/kernel.go:136.18,138.3 1 1
github.com/cordum/cordum/core/controlplane/safetykernel/kernel.go:139.2,139.18 1 1
github.com/cordum/cordum/core/controlplane/safetykernel/kernel.go:139.18,141.3 1 0
github.com/cordum/cordum/core/controlplane/safetykernel/kernel.go:143.2,143.17 1 1
github.com/cordum/cordum/core/controlplane/safetykernel/kernel.go:143.17,145.3 1 1
github.com/cordum/cordum/core/controlplane/safetykernel/kernel.go:146.2,146.39 1 1
github.com/cordum/cordum/core/controlplane/safetykernel/kernel.go:146.39,148.3 1 0
github.com/cordum/cordum/core/controlplane/safetykernel/kernel.go:150.2,160.19 4 1
github.com/cordum/cordum/core/controlplane/safetykernel/kernel.go:160.19,162.43 2 1
github.com/cordum/cordum/core/controlplane/safetykernel/kernel.go:162.43,163.66 1 1
github.com/cordum/cordum/core/controlplane/safetykernel/kernel.go:163.66,166.5 2 1
github.com/cordum/cordum/core/controlplane/safetykernel/kernel.go:170.2,171.33 2 1
github.com/cordum/cordum/core/controlplane/safetykernel/kernel.go:172.14,174.33 2 1
github.com/cordum/cordum/core/controlplane/safetykernel/kernel.go:175.26,177.33 2 0
github.com/cordum/cordum/core/controlplane/safetykernel/kernel.go:178.18,180.33 2 0
github.com/cordum/cordum/core/controlplane/safetykernel/kernel.go:181.32,182.66 1 0
github.com/cordum/cordum/core/controlplane/safetykernel/kernel.go:183.15,184.25 1 1
github.com/cordum/cordum/core/controlplane/safetykernel/kernel.go:184.25,186.4 1 0
github.com/cordum/cordum/core/controlplane/safetykernel/kernel.go:190.2,190.74 1 1
github.com/cordum/cordum/core/controlplane/safetykernel/kernel.go:190.74,191.40 1 1
github.com/cordum/cordum/core/controlplane/safetykernel/kernel.go:191.40,194.4 2 1
github.com/cordum/cordum/core/controlplane/safetykernel/kernel.go:195.3,195.72 1 1
github.com/cordum/cordum/core/controlplane/safetykernel/kernel.go:195.72,198.4 2 0
github.com/cordum/cordum/core/controlplane/safetykernel/kernel.go:199.3,199.66 1 1
github.com/cordum/cordum/core/controlplane/safetykernel/kernel.go:199.66,202.4 2 0
github.com/cordum/cordum/core/controlplane/safetykernel/kernel.go:205.2,207.22 3 1
github.com/cordum/cordum/core/controlplane/safetykernel/kernel.go:207.22,209.3 1 0
github.com/cordum/cordum/core/controlplane/safetykernel/kernel.go:211.2,219.8 1 1
github.com/cordum/cordum/core/controlplane/safetykernel/kernel.go:222.74,225.17 3 1
github.com/cordum/cordum/core/controlplane/safetykernel/kernel.go:225.17,226.33 1 1
github.com/cordum/cordum/core/controlplane/safetykernel/kernel.go:226.33,228.4 1 1
github.com/cordum/cordum/core/controlplane/safetykernel/kernel.go:229.3,229.13 1 1
github.com/cordum/cordum/core/controlplane/safetykernel/kernel.go:231.2,238.23 8 1
github.com/cordum/cordum/core/controlplane/safetykernel/kernel.go:238.23,240.3 1 0
github.com/cordum/cordum/core/controlplane/safetykernel/kernel.go:241.2,241.12 1 1
github.com/cordum/cordum/core/controlplane/safetykernel/kernel.go:244.47,245.13 1 1
github.com/cordum/cordum/core/controlplane/safetykernel/kernel.go:246.37,247.17 1 0
github.com/cordum/cordum/core/controlplane/safetykernel/kernel.go:248.39,249.19 1 1
github.com/cordum/cordum/core/controlplane/safetykernel/kernel.go:250.10,251.12 1 0
github.com/cordum/cordum/core/controlplane/safetykernel/kernel.go:255.76,256.19 1 1
github.com/cordum/cordum/core/controlplane/safetykernel/kernel.go:256.19,257.65 1 1
github.com/cordum/cordum/core/controlplane/safetykernel/kernel.go:257.65,259.4 1 1
github.com/cordum/cordum/core/controlplane/safetykernel/kernel.go:261.2,261.36 1 1
github.com/cordum/cordum/core/controlplane/safetykernel/kernel.go:261.36,262.40 1 1
github.com/cordum/cordum/core/controlplane/safetykernel/kernel.go:262.40,264.4 1 1
github.com/cordum/cordum/core/controlplane/safetykernel/kernel.go:266.2,266.14 1 1
github.com/cordum/cordum/core/controlplane/safetykernel/kernel.go:269.68,270.22 1 1
github.com/cordum/cordum/core/controlplane/safetykernel/kernel.go:270.22,272.3 1 1
github.com/cordum/cordum/core/controlplane/safetykernel/kernel.go:273.2,278.3 1 1
github.com/cordum/cordum/core/controlplane/safetykernel/kernel.go:281.65,282.27 1 1
github.com/cordum/cordum/core/controlplane/safetykernel/kernel.go:282.27,283.65 1 1
github.com/cordum/cordum/core/controlplane/safetykernel/kernel.go:283.65,285.4 1 1
github.com/cordum/cordum/core/controlplane/safetykernel/kernel.go:287.2,287.11 1 1
github.com/cordum/cordum/core/controlplane/safetykernel/kernel.go:290.75,291.27 1 1
github.com/cordum/cordum/core/controlplane/safetykernel/kernel.go:291.27,293.3 1 1
github.com/cordum/cordum/core/controlplane/safetykernel/kernel.go:294.2,318.12 2 1
github.com/cordum/cordum/core/controlplane/safetykernel/kernel.go:321.58,327.2 1 1
github.com/cordum/cordum/core/controlplane/safetykernel/kernel.go:329.53,330.17 1 1
github.com/cordum/cordum/core/controlplane/safetykernel/kernel.go:330.17,332.3 1 0
github.com/cordum/cordum/core/controlplane/safetykernel/kernel.go:333.2,333.31 1 1
github.com/cordum/cordum/core/controlplane/safetykernel/kernel.go:333.31,334.30 1 1
github.com/cordum/cordum/core/controlplane/safetykernel/kernel.go:334.30,336.4 1 1
github.com/cordum/cordum/core/controlplane/safetykernel/kernel.go:338.2,338.14 1 0
github.com/cordum/cordum/core/controlplane/safetykernel/kernel.go:341.46,343.19 2 1
github.com/cordum/cordum/core/controlplane/safetykernel/kernel.go:343.19,345.3 1 1
github.com/cordum/cordum/core/controlplane/safetykernel/kernel.go:346.2,347.11 2 1
github.com/cordum/cordum/core/controlplane/safetykernel/kernel.go:350.53,352.2 1 1
github.com/cordum/cordum/core/controlplane/safetykernel/kernel.go:355.57,357.2 1 1
github.com/cordum/cordum/core/controlplane/safetykernel/kernel.go:359.52,361.66 2 0
github.com/cordum/cordum/core/controlplane/safetykernel/kernel.go:361.66,362.61 1 0
github.com/cordum/cordum/core/controlplane/safetykernel/kernel.go:362.61,364.4 1 0
github.com/cordum/cordum/core/controlplane/safetykernel/kernel.go:366.2,368.21 3 0
github.com/cordum/cordum/core/controlplane/safetykernel/kernel.go:368.21,370.17 2 0
github.com/cordum/cordum/core/controlplane/safetykernel/kernel.go:370.17,372.12 2 0
github.com/cordum/cordum/core/controlplane/safetykernel/kernel.go:374.3,377.44 4 0
github.com/cordum/cordum/core/controlplane/safetykernel/kernel.go:377.44,380.4 2 0
github.com/cordum/cordum/core/controlplane/safetykernel/kernel.go:384.74,389.20 5 1
github.com/cordum/cordum/core/controlplane/safetykernel/kernel.go:389.20,391.28 2 1
github.com/cordum/cordum/core/controlplane/safetykernel/kernel.go:391.28,393.4 1 1
github.com/cordum/cordum/core/controlplane/safetykernel/kernel.go:405.71,407.72 2 1
github.com/cordum/cordum/core/controlplane/safetykernel/kernel.go:407.72,409.3 1 1
github.com/cordum/cordum/core/controlplane/safetykernel/kernel.go:410.2,411.17 2 0
github.com/cordum/cordum/core/controlplane/safetykernel/kernel.go:411.17,413.3 1 0
github.com/cordum/cordum/core/controlplane/safetykernel/kernel.go:414.2,415.14 2 0
github.com/cordum/cordum/core/controlplane/safetykernel/kernel.go:415.14,417.3 1 0
[...]
github.com/cordum/cordum/core/workflow/engine.go:1765.9,1767.4 1 0
github.com/cordum/cordum/core/workflow/engine.go:1770.2,1775.3 1 1
github.com/cordum/cordum/core/workflow/engine.go:1778.79,1779.16 1 1
github.com/cordum/cordum/core/workflow/engine.go:1779.16,1781.3 1 0
github.com/cordum/cordum/core/workflow/engine.go:1782.2,1782.12 1 1
github.com/cordum/cordum/core/workflow/engine.go:1782.12,1785.3 2 1
github.com/cordum/cordum/core/workflow/engine.go:1788.154,1789.46 1 1
github.com/cordum/cordum/core/workflow/engine.go:1789.46,1791.3 1 0
github.com/cordum/cordum/core/workflow/engine.go:1792.2,1792.16 1 1
github.com/cordum/cordum/core/workflow/engine.go:1792.16,1794.3 1 0
github.com/cordum/cordum/core/workflow/engine.go:1795.2,1807.51 2 1
github.com/cordum/cordum/core/workflow/eval.go:17.57,19.16 2 1
github.com/cordum/cordum/core/workflow/eval.go:19.16,21.3 1 0
github.com/cordum/cordum/core/workflow/eval.go:24.2,24.34 1 1
github.com/cordum/cordum/core/workflow/eval.go:24.34,26.17 2 1
github.com/cordum/cordum/core/workflow/eval.go:26.17,28.4 1 0
github.com/cordum/cordum/core/workflow/eval.go:29.3,29.27 1 1
github.com/cordum/cordum/core/workflow/eval.go:33.2,33.64 1 1
github.com/cordum/cordum/core/workflow/eval.go:33.64,34.52 1 1
github.com/cordum/cordum/core/workflow/eval.go:34.52,36.18 2 1
github.com/cordum/cordum/core/workflow/eval.go:36.18,38.5 1 0
github.com/cordum/cordum/core/workflow/eval.go:39.4,40.18 2 1
github.com/cordum/cordum/core/workflow/eval.go:40.18,42.5 1 0
github.com/cordum/cordum/core/workflow/eval.go:43.4,43.40 1 1
github.com/cordum/cordum/core/workflow/eval.go:48.2,48.72 1 1
github.com/cordum/cordum/core/workflow/eval.go:48.72,51.17 3 1
github.com/cordum/cordum/core/workflow/eval.go:51.17,53.4 1 0
github.com/cordum/cordum/core/workflow/eval.go:54.3,54.26 1 1
github.com/cordum/cordum/core/workflow/eval.go:55.14,56.22 1 1
github.com/cordum/cordum/core/workflow/eval.go:57.15,58.22 1 0
github.com/cordum/cordum/core/workflow/eval.go:59.23,60.22 1 0
github.com/cordum/cordum/core/workflow/eval.go:61.11,62.17 1 0
github.com/cordum/cordum/core/workflow/eval.go:65.2,65.71 1 1
github.com/cordum/cordum/core/workflow/eval.go:65.71,68.17 3 1
github.com/cordum/cordum/core/workflow/eval.go:68.17,70.4 1 0
github.com/cordum/cordum/core/workflow/eval.go:71.3,71.49 1 1
github.com/cordum/cordum/core/workflow/eval.go:71.49,73.4 1 1
github.com/cordum/cordum/core/workflow/eval.go:74.3,74.18 1 0
github.com/cordum/cordum/core/workflow/eval.go:78.2,78.84 1 1
github.com/cordum/cordum/core/workflow/eval.go:78.84,80.3 1 1
github.com/cordum/cordum/core/workflow/eval.go:81.2,81.86 1 1
github.com/cordum/cordum/core/workflow/eval.go:81.86,83.3 1 0
github.com/cordum/cordum/core/workflow/eval.go:86.2,86.20 1 1
github.com/cordum/cordum/core/workflow/eval.go:86.20,88.3 1 1
github.com/cordum/cordum/core/workflow/eval.go:89.2,89.21 1 1
github.com/cordum/cordum/core/workflow/eval.go:89.21,91.3 1 1
github.com/cordum/cordum/core/workflow/eval.go:94.2,94.56 1 1
github.com/cordum/cordum/core/workflow/eval.go:94.56,96.3 1 1
github.com/cordum/cordum/core/workflow/eval.go:99.2,99.36 1 1
github.com/cordum/cordum/core/workflow/eval.go:102.55,105.26 3 1
github.com/cordum/cordum/core/workflow/eval.go:105.26,107.10 2 1
github.com/cordum/cordum/core/workflow/eval.go:107.10,109.4 1 0
github.com/cordum/cordum/core/workflow/eval.go:110.3,110.13 1 1
github.com/cordum/cordum/core/workflow/eval.go:112.2,112.12 1 1
github.com/cordum/cordum/core/workflow/eval.go:115.42,117.13 2 1
github.com/cordum/cordum/core/workflow/eval.go:117.13,119.3 1 1
github.com/cordum/cordum/core/workflow/eval.go:120.2,120.87 1 1
github.com/cordum/cordum/core/workflow/eval.go:123.40,124.24 1 1
github.com/cordum/cordum/core/workflow/eval.go:125.15,127.30 2 0
github.com/cordum/cordum/core/workflow/eval.go:128.11,130.39 2 1
github.com/cordum/cordum/core/workflow/eval.go:131.14,132.31 1 1
github.com/cordum/cordum/core/workflow/eval.go:132.31,134.4 1 1
github.com/cordum/cordum/core/workflow/eval.go:137.2,137.12 1 0
github.com/cordum/cordum/core/workflow/eval.go:138.12,139.40 1 0
github.com/cordum/cordum/core/workflow/eval.go:140.12,141.40 1 0
github.com/cordum/cordum/core/workflow/eval.go:142.10,143.15 1 0
github.com/cordum/cordum/core/workflow/eval.go:147.45,148.12 1 1
github.com/cordum/cordum/core/workflow/eval.go:149.12,150.16 1 1
github.com/cordum/cordum/core/workflow/eval.go:151.12,152.16 1 0
github.com/cordum/cordum/core/workflow/eval.go:153.11,154.15 1 1
github.com/cordum/cordum/core/workflow/eval.go:155.11,156.15 1 1
github.com/cordum/cordum/core/workflow/eval.go:157.12,158.16 1 0
github.com/cordum/cordum/core/workflow/eval.go:159.12,160.16 1 0
github.com/cordum/cordum/core/workflow/eval.go:161.10,162.15 1 0
github.com/cordum/cordum/core/workflow/eval.go:166.38,167.12 1 1
github.com/cordum/cordum/core/workflow/eval.go:168.12,169.16 1 1
github.com/cordum/cordum/core/workflow/eval.go:170.12,171.16 1 0
github.com/cordum/cordum/core/workflow/eval.go:172.11,173.15 1 0
github.com/cordum/cordum/core/workflow/eval.go:174.11,175.15 1 0
github.com/cordum/cordum/core/workflow/eval.go:176.12,177.16 1 0
github.com/cordum/cordum/core/workflow/eval.go:178.12,179.16 1 0
github.com/cordum/cordum/core/workflow/eval.go:180.10,181.15 1 0
github.com/cordum/cordum/core/workflow/eval.go:185.29,186.23 1 1
github.com/cordum/cordum/core/workflow/eval.go:187.15,188.11 1 1
github.com/cordum/cordum/core/workflow/eval.go:189.11,190.20 1 0
github.com/cordum/cordum/core/workflow/eval.go:191.13,192.20 1 0
github.com/cordum/cordum/core/workflow/eval.go:193.14,194.54 1 0
github.com/cordum/cordum/core/workflow/eval.go:194.54,196.4 1 0
github.com/cordum/cordum/core/workflow/eval.go:198.2,198.10 1 0
github.com/cordum/cordum/core/workflow/eval.go:201.25,202.23 1 1
github.com/cordum/cordum/core/workflow/eval.go:203.11,204.15 1 0
github.com/cordum/cordum/core/workflow/eval.go:205.12,206.11 1 1
github.com/cordum/cordum/core/workflow/eval.go:207.14,208.17 1 0
github.com/cordum/cordum/core/workflow/eval.go:209.15,210.16 1 0
github.com/cordum/cordum/core/workflow/eval.go:211.11,212.16 1 0
github.com/cordum/cordum/core/workflow/eval.go:213.10,214.14 1 0
github.com/cordum/cordum/core/workflow/store_redis.go:23.61,24.15 1 1
github.com/cordum/cordum/core/workflow/store_redis.go:24.15,26.3 1 0
github.com/cordum/cordum/core/workflow/store_redis.go:27.2,28.16 2 1
github.com/cordum/cordum/core/workflow/store_redis.go:28.16,30.3 1 0
github.com/cordum/cordum/core/workflow/store_redis.go:31.2,34.47 4 1
github.com/cordum/cordum/core/workflow/store_redis.go:34.47,36.3 1 0
github.com/cordum/cordum/core/workflow/store_redis.go:37.2,37.41 1 1
github.com/cordum/cordum/core/workflow/store_redis.go:41.36,42.21 1 1
github.com/cordum/cordum/core/workflow/store_redis.go:42.21,44.3 1 0
github.com/cordum/cordum/core/workflow/store_redis.go:45.2,45.25 1 1
github.com/cordum/cordum/core/workflow/store_redis.go:49.76,50.30 1 1
github.com/cordum/cordum/core/workflow/store_redis.go:50.30,52.3 1 0
github.com/cordum/cordum/core/workflow/store_redis.go:53.2,54.27 2 1
github.com/cordum/cordum/core/workflow/store_redis.go:54.27,56.3 1 1
github.com/cordum/cordum/core/workflow/store_redis.go:57.2,60.16 3 1
github.com/cordum/cordum/core/workflow/store_redis.go:60.16,62.3 1 0
github.com/cordum/cordum/core/workflow/store_redis.go:64.2,66.20 3 1
github.com/cordum/cordum/core/workflow/store_redis.go:66.20,68.3 1 1
github.com/cordum/cordum/core/workflow/store_redis.go:69.2,71.12 3 1
github.com/cordum/cordum/core/workflow/store_redis.go:75.85,76.14 1 1
github.com/cordum/cordum/core/workflow/store_redis.go:76.14,78.3 1 0
github.com/cordum/cordum/core/workflow/store_redis.go:79.2,80.16 2 1
github.com/cordum/cordum/core/workflow/store_redis.go:80.16,82.3 1 1
github.com/cordum/cordum/core/workflow/store_redis.go:83.2,84.50 2 1
github.com/cordum/cordum/core/workflow/store_redis.go:84.50,86.3 1 0
github.com/cordum/cordum/core/workflow/store_redis.go:87.2,87.17 1 1
github.com/cordum/cordum/core/workflow/store_redis.go:91.75,92.14 1 1
github.com/cordum/cordum/core/workflow/store_redis.go:92.14,94.3 1 0
github.com/cordum/cordum/core/workflow/store_redis.go:95.2,96.16 2 1
github.com/cordum/cordum/core/workflow/store_redis.go:96.16,98.3 1 0
github.com/cordum/cordum/core/workflow/store_redis.go:99.2,102.20 4 1
github.com/cordum/cordum/core/workflow/store_redis.go:102.20,104.3 1 1
github.com/cordum/cordum/core/workflow/store_redis.go:105.2,106.12 2 1
github.com/cordum/cordum/core/workflow/store_redis.go:110.105,111.16 1 1
github.com/cordum/cordum/core/workflow/store_redis.go:111.16,113.3 1 0
github.com/cordum/cordum/core/workflow/store_redis.go:114.2,115.17 2 1
github.com/cordum/cordum/core/workflow/store_redis.go:115.17,117.3 1 1
github.com/cordum/cordum/core/workflow/store_redis.go:118.2,119.16 2 1
github.com/cordum/cordum/core/workflow/store_redis.go:119.16,121.3 1 0
github.com/cordum/cordum/core/workflow/store_redis.go:122.2,122.19 1 1
github.com/cordum/cordum/core/workflow/store_redis.go:122.19,124.3 1 1
github.com/cordum/cordum/core/workflow/store_redis.go:126.2,128.25 3 1
github.com/cordum/cordum/core/workflow/store_redis.go:128.25,130.3 1 1
github.com/cordum/cordum/core/workflow/store_redis.go:131.2,134.25 3 1
github.com/cordum/cordum/core/workflow/store_redis.go:134.25,136.17 2 1
github.com/cordum/cordum/core/workflow/store_redis.go:136.17,137.12 1 0
github.com/cordum/cordum/core/workflow/store_redis.go:139.3,140.17 2 1
github.com/cordum/cordum/core/workflow/store_redis.go:140.17,141.12 1 0
github.com/cordum/cordum/core/workflow/store_redis.go:143.3,144.51 2 1
github.com/cordum/cordum/core/workflow/store_redis.go:144.51,145.12 1 0
github.com/cordum/cordum/core/workflow/store_redis.go:147.3,147.25 1 1
github.com/cordum/cordum/core/workflow/store_redis.go:149.2,149.17 1 1
github.com/cordum/cordum/core/workflow/store_redis.go:153.77,154.56 1 1
github.com/cordum/cordum/core/workflow/store_redis.go:154.56,156.3 1 0
github.com/cordum/cordum/core/workflow/store_redis.go:157.2,158.28 2 1
github.com/cordum/cordum/core/workflow/store_redis.go:158.28,160.3 1 1
github.com/cordum/cordum/core/workflow/store_redis.go:161.2,162.22 2 1
github.com/cordum/cordum/core/workflow/store_redis.go:162.22,164.3 1 0
github.com/cordum/cordum/core/workflow/store_redis.go:166.2,167.16 2 1
github.com/cordum/cordum/core/workflow/store_redis.go:167.16,169.3 1 0
github.com/cordum/cordum/core/workflow/store_redis.go:171.2,176.21 6 1
github.com/cordum/cordum/core/workflow/store_redis.go:176.21,178.36 2 1
github.com/cordum/cordum/core/workflow/store_redis.go:178.36,180.4 1 1
github.com/cordum/cordum/core/workflow/store_redis.go:180.9,182.4 1 0
github.com/cordum/cordum/core/workflow/store_redis.go:184.2,185.16 2 1
github.com/cordum/cordum/core/workflow/store_redis.go:185.16,187.3 1 0
github.com/cordum/cordum/core/workflow/store_redis.go:188.2,188.30 1 1
github.com/cordum/cordum/core/workflow/store_redis.go:188.30,190.3 1 1
github.com/cordum/cordum/core/workflow/store_redis.go:191.2,191.12 1 1
github.com/cordum/cordum/core/workflow/store_redis.go:195.77,196.56 1 1
github.com/cordum/cordum/core/workflow/store_redis.go:196.56,198.3 1 0
github.com/cordum/cordum/core/workflow/store_redis.go:199.2,200.72 2 1
github.com/cordum/cordum/core/workflow/store_redis.go:200.72,202.53 2 1
github.com/cordum/cordum/core/workflow/store_redis.go:202.53,204.4 1 1
github.com/cordum/cordum/core/workflow/store_redis.go:206.2,210.16 4 1
github.com/cordum/cordum/core/workflow/store_redis.go:210.16,212.3 1 0
github.com/cordum/cordum/core/workflow/store_redis.go:214.2,219.50 6 1
github.com/cordum/cordum/core/workflow/store_redis.go:219.50,221.3 1 1
github.com/cordum/cordum/core/workflow/store_redis.go:222.2,222.21 1 1
github.com/cordum/cordum/core/workflow/store_redis.go:222.21,224.36 2 1
github.com/cordum/cordum/core/workflow/store_redis.go:224.36,226.4 1 1
github.com/cordum/cordum/core/workflow/store_redis.go:226.9,228.4 1 1
github.com/cordum/cordum/core/workflow/store_redis.go:230.2,231.12 2 1
github.com/cordum/cordum/core/workflow/store_redis.go:235.86,236.17 1 1
github.com/cordum/cordum/core/workflow/store_redis.go:236.17,238.3 1 0
github.com/cordum/cordum/core/workflow/store_redis.go:239.2,240.16 2 1
github.com/cordum/cordum/core/workflow/store_redis.go:240.16,242.3 1 1
github.com/cordum/cordum/core/workflow/store_redis.go:243.2,244.51 2 1
github.com/cordum/cordum/core/workflow/store_redis.go:244.51,246.3 1 0
github.com/cordum/cordum/core/workflow/store_redis.go:247.2,247.18 1 1
github.com/cordum/cordum/core/workflow/store_redis.go:251.73,252.17 1 1
github.com/cordum/cordum/core/workflow/store_redis.go:252.17,254.3 1 0
github.com/cordum/cordum/core/workflow/store_redis.go:255.2,256.16 2 1
github.com/cordum/cordum/core/workflow/store_redis.go:256.16,258.3 1 0
github.com/cordum/cordum/core/workflow/store_redis.go:259.2,262.26 4 1
github.com/cordum/cordum/core/workflow/store_redis.go:262.26,264.3 1 1
github.com/cordum/cordum/core/workflow/store_redis.go:265.2,265.22 1 1
github.com/cordum/cordum/core/workflow/store_redis.go:265.22,267.3 1 1
github.com/cordum/cordum/core/workflow/store_redis.go:268.2,268.21 1 1
github.com/cordum/cordum/core/workflow/store_redis.go:268.21,270.3 1 1
github.com/cordum/cordum/core/workflow/store_redis.go:271.2,273.12 3 1
github.com/cordum/cordum/core/workflow/store_redis.go:277.86,278.17 1 0
github.com/cordum/cordum/core/workflow/store_redis.go:278.17,280.3 1 0
github.com/cordum/cordum/core/workflow/store_redis.go:281.2,282.16 2 0
github.com/cordum/cordum/core/workflow/store_redis.go:282.16,284.3 1 0
github.com/cordum/cordum/core/workflow/store_redis.go:285.2,285.24 1 0
github.com/cordum/cordum/core/workflow/store_redis.go:289.118,290.22 1 1
github.com/cordum/cordum/core/workflow/store_redis.go:290.22,292.3 1 0
github.com/cordum/cordum/core/workflow/store_redis.go:293.2,293.16 1 1
github.com/cordum/cordum/core/workflow/store_redis.go:293.16,295.3 1 0
github.com/cordum/cordum/core/workflow/store_redis.go:296.2,297.16 2 1
github.com/cordum/cordum/core/workflow/store_redis.go:297.16,299.3 1 0
github.com/cordum/cordum/core/workflow/store_redis.go:300.2,300.19 1 1
github.com/cordum/cordum/core/workflow/store_redis.go:300.19,302.3 1 1
github.com/cordum/cordum/core/workflow/store_redis.go:304.2,306.25 3 1
github.com/cordum/cordum/core/workflow/store_redis.go:306.25,308.3 1 1
github.com/cordum/cordum/core/workflow/store_redis.go:309.2,312.25 3 1
github.com/cordum/cordum/core/workflow/store_redis.go:312.25,314.17 2 1
github.com/cordum/cordum/core/workflow/store_redis.go:314.17,315.12 1 0
github.com/cordum/cordum/core/workflow/store_redis.go:317.3,318.17 2 1
github.com/cordum/cordum/core/workflow/store_redis.go:318.17,319.12 1 0
github.com/cordum/cordum/core/workflow/store_redis.go:321.3,322.52 2 1
github.com/cordum/cordum/core/workflow/store_redis.go:322.52,323.12 1 0
github.com/cordum/cordum/core/workflow/store_redis.go:325.3,325.26 1 1
github.com/cordum/cordum/core/workflow/store_redis.go:327.2,327.17 1 1
github.com/cordum/cordum/core/workflow/store_redis.go:331.107,332.16 1 1
github.com/cordum/cordum/core/workflow/store_redis.go:332.16,334.3 1 0
github.com/cordum/cordum/core/workflow/store_redis.go:335.2,335.21 1 1
github.com/cordum/cordum/core/workflow/store_redis.go:335.21,337.3 1 0
github.com/cordum/cordum/core/workflow/store_redis.go:338.2,344.16 2 1
github.com/cordum/cordum/core/workflow/store_redis.go:344.16,346.3 1 0
github.com/cordum/cordum/core/workflow/store_redis.go:347.2,347.19 1 1
github.com/cordum/cordum/core/workflow/store_redis.go:347.19,349.3 1 0
github.com/cordum/cordum/core/workflow/store_redis.go:351.2,353.25 3 1
github.com/cordum/cordum/core/workflow/store_redis.go:353.25,355.3 1 1
github.com/cordum/cordum/core/workflow/store_redis.go:356.2,359.25 3 1
github.com/cordum/cordum/core/workflow/store_redis.go:359.25,361.17 2 1
github.com/cordum/cordum/core/workflow/store_redis.go:361.17,362.12 1 0
github.com/cordum/cordum/core/workflow/store_redis.go:364.3,365.17 2 1
github.com/cordum/cordum/core/workflow/store_redis.go:365.17,366.12 1 0
github.com/cordum/cordum/core/workflow/store_redis.go:368.3,369.52 2 1
github.com/cordum/cordum/core/workflow/store_redis.go:369.52,370.12 1 0
github.com/cordum/cordum/core/workflow/store_redis.go:372.3,372.26 1 1
github.com/cordum/cordum/core/workflow/store_redis.go:374.2,374.17 1 1
github.com/cordum/cordum/core/workflow/store_redis.go:378.105,379.17 1 1
github.com/cordum/cordum/core/workflow/store_redis.go:379.17,381.3 1 0
github.com/cordum/cordum/core/workflow/store_redis.go:382.2,382.18 1 1
github.com/cordum/cordum/core/workflow/store_redis.go:382.18,384.3 1 0
github.com/cordum/cordum/core/workflow/store_redis.go:385.2,385.25 1 1
github.com/cordum/cordum/core/workflow/store_redis.go:385.25,387.3 1 1
github.com/cordum/cordum/core/workflow/store_redis.go:388.2,389.16 2 1
github.com/cordum/cordum/core/workflow/store_redis.go:389.16,391.3 1 0
github.com/cordum/cordum/core/workflow/store_redis.go:392.2,396.12 5 1
github.com/cordum/cordum/core/workflow/store_redis.go:400.114,401.17 1 1
github.com/cordum/cordum/core/workflow/store_redis.go:401.17,403.3 1 0
github.com/cordum/cordum/core/workflow/store_redis.go:404.2,404.16 1 1
github.com/cordum/cordum/core/workflow/store_redis.go:404.16,406.3 1 0
github.com/cordum/cordum/core/workflow/store_redis.go:407.2,408.16 2 1
github.com/cordum/cordum/core/workflow/store_redis.go:408.16,410.3 1 0
github.com/cordum/cordum/core/workflow/store_redis.go:411.2,412.27 2 1
github.com/cordum/cordum/core/workflow/store_redis.go:412.27,414.60 2 1
github.com/cordum/cordum/core/workflow/store_redis.go:414.60,415.12 1 0
github.com/cordum/cordum/core/workflow/store_redis.go:417.3,417.25 1 1
github.com/cordum/cordum/core/workflow/store_redis.go:419.2,419.17 1 1
github.com/cordum/cordum/core/workflow/store_redis.go:423.111,424.16 1 1
github.com/cordum/cordum/core/workflow/store_redis.go:424.16,426.3 1 0
github.com/cordum/cordum/core/workflow/store_redis.go:427.2,427.18 1 1
github.com/cordum/cordum/core/workflow/store_redis.go:427.18,429.3 1 0
github.com/cordum/cordum/core/workflow/store_redis.go:430.2,431.16 2 1
github.com/cordum/cordum/core/workflow/store_redis.go:431.16,433.3 1 0
github.com/cordum/cordum/core/workflow/store_redis.go:434.2,434.19 1 1
github.com/cordum/cordum/core/workflow/store_redis.go:434.19,436.3 1 1
github.com/cordum/cordum/core/workflow/store_redis.go:437.2,437.17 1 1
github.com/cordum/cordum/core/workflow/store_redis.go:440.36,442.2 1 1
github.com/cordum/cordum/core/workflow/store_redis.go:444.47,446.2 1 1
github.com/cordum/cordum/core/workflow/store_redis.go:448.35,450.2 1 1
github.com/cordum/cordum/core/workflow/store_redis.go:452.31,454.2 1 1
github.com/cordum/cordum/core/workflow/store_redis.go:456.44,458.2 1 1
github.com/cordum/cordum/core/workflow/store_redis.go:460.30,462.2 1 1
github.com/cordum/cordum/core/workflow/store_redis.go:464.49,466.2 1 1
github.com/cordum/cordum/core/workflow/store_redis.go:468.43,470.2 1 1
github.com/cordum/cordum/core/workflow/store_redis.go:472.42,474.2 1 1
github.com/cordum/cordum/core/workflow/store_redis.go:476.100,477.30 1 1
github.com/cordum/cordum/core/workflow/store_redis.go:477.30,479.3 1 0
github.com/cordum/cordum/core/workflow/store_redis.go:480.2,480.71 1 1
github.com/cordum/cordum/core/workflow/store_redis.go:483.94,484.15 1 1
github.com/cordum/cordum/core/workflow/store_redis.go:484.15,486.3 1 0
github.com/cordum/cordum/core/workflow/store_redis.go:487.2,487.59 1 1
github.com/cordum/cordum/core/workflow/store_redis.go:490.85,491.15 1 0
github.com/cordum/cordum/core/workflow/store_redis.go:491.15,493.3 1 0
github.com/cordum/cordum/core/workflow/store_redis.go:494.2,494.56 1 0
github.com/cordum/cordum/core/workflow/store_redis.go:497.43,499.2 1 1
github.com/cordum/cordum/core/workflow/store_redis.go:501.47,502.16 1 1
github.com/cordum/cordum/core/workflow/store_redis.go:503.82,504.15 1 1
github.com/cordum/cordum/core/workflow/store_redis.go:505.10,506.22 1 1
